-------------------- Log Start | Sun Jun  4 10:49:24 2023 --------------------
data_path: /home/pi/printer_data
is_default_data_path: False
config_file: /home/pi/printer_data/config/moonraker.conf
startup_warnings: []
verbose: False
debug: False
asyncio_debug: False
is_backup_config: False
is_python_package: False
software_version: v0.8.0-46-gd623163
git_branch: master
git_remote: origin
git_repo_url: https://github.com/Arksine/moonraker.git
modified_files: []
unofficial_components: []
log_file: /home/pi/printer_data/logs/moonraker.log
python_version: 3.9.2 (default, Mar 12 2021, 04:06:34)  [GCC 10.2.1 20210110]

#################### Moonraker Configuration ####################

[server]
host = 0.0.0.0
port = 7125
max_upload_size = 1024
klippy_uds_address = ~/printer_data/comms/klippy.sock

[file_manager]
enable_object_processing = True

[authorization]
cors_domains = 
	https://my.mainsail.xyz
	http://my.mainsail.xyz
	http://*.local
	http://*.lan
trusted_clients = 
	10.0.0.0/8
	127.0.0.0/8
	169.254.0.0/16
	172.16.0.0/12
	192.168.0.0/16
	FE80::/10
	::1/128

[octoprint_compat]

[history]

[announcements]
subscriptions = 
	mainsail

[update_manager]
refresh_interval = 168
enable_auto_refresh = True

[update_manager mainsail]
type = web
channel = stable
repo = mainsail-crew/mainsail
path = ~/mainsail

[update_manager mainsail-config]
type = git_repo
primary_branch = master
path = ~/mainsail-config
origin = https://github.com/mainsail-crew/mainsail-config.git
managed_services = klipper

[update_manager crowsnest]
type = git_repo
path = ~/crowsnest
origin = https://github.com/mainsail-crew/crowsnest.git
managed_services = crowsnest
install_script = tools/install.sh

[update_manager sonar]
type = git_repo
path = ~/sonar
origin = https://github.com/mainsail-crew/sonar.git
primary_branch = main
managed_services = sonar
install_script = tools/install.sh

#################################################################
All Configuration Files:
/home/pi/printer_data/config/moonraker.conf
#################################################################
Unsafe Shutdown Count: 2

System Info:

***python***
  version: sys.version_info(major=3, minor=9, micro=2, releaselevel='final', serial=0)
  version_string: 3.9.2 (default, Mar 12 2021, 04:06:34)  [GCC 10.2.1 20210110]

***cpu_info***
  cpu_count: 4
  bits: 32bit
  processor: aarch64
  cpu_desc: 
  serial_number: 10000000f7c169aa
  hardware_desc: BCM2835
  model: Raspberry Pi 4 Model B Rev 1.2
  total_memory: 3705536
  memory_units: kB

***sd_info***
  manufacturer_id: 27
  manufacturer: Unknown
  oem_id: 5048
  product_name: SD16G
  product_revision: 6.0
  serial_number: 01e26f96
  manufacturer_date: 8/2018
  capacity: 14.6 GiB
  total_bytes: 15665725440

***distribution***
  name: Raspbian GNU/Linux 11 (bullseye)
  id: raspbian
  version: 11
  version_parts: {'major': '11', 'minor': '', 'build_number': ''}
  like: debian
  codename: bullseye
  release_info: {'name': 'MainsailOS', 'version_id': '1.0.1', 'codename': 'bullseye', 'id': 'mainsailos'}

***virtualization***
  virt_type: none
  virt_identifier: none

***network***

***canbus***

***Allowed Services***
  klipper_mcu
  webcamd
  MoonCord
  KlipperScreen
  moonraker-telegram-bot
  moonraker-obico
  sonar
  crowsnest
  octoeverywhere
  ratos-configurator

Systemd unit moonraker.service:
unit_name: moonraker.service
is_default: True
manager: systemd
Properties:
**Requires=['system.slice', '-.mount', 'sysinit.target', 'network-online.target']
**After=['system.slice', '-.mount', 'sysinit.target', 'klipper.service', 'basic.target', 'network-online.target', 'systemd-journald.socket']
**SupplementaryGroups=['moonraker-admin']
**EnvironmentFiles=/home/pi/printer_data/systemd/moonraker.env
**ExecStart=/home/pi/moonraker-env/bin/python $MOONRAKER_ARGS
**WorkingDirectory=/home/pi/moonraker
**FragmentPath=/etc/systemd/system/moonraker.service
**Description=API Server for Klipper SV1
**User=pi

Systemd unit klipper.service:
unit_name: klipper.service
is_default: True
manager: systemd
Properties:
**Requires=['-.mount', 'system.slice', 'sysinit.target']
**After=['system.slice', '-.mount', 'sysinit.target', 'basic.target', 'network-online.target', 'systemd-journald.socket']
**SupplementaryGroups=[]
**EnvironmentFiles=/home/pi/printer_data/systemd/klipper.env
**ExecStart=/home/pi/klippy-env/bin/python $KLIPPER_ARGS
**WorkingDirectory=/home/pi/klipper
**FragmentPath=/etc/systemd/system/klipper.service
**Description=Klipper 3D Printer Firmware SV1
**User=pi
Klipper Version: v0.11.0-210-g0539e9f2
2023-06-04 03:49:24,425 [klippy_connection.py:_on_connection_closed()] - Klippy Connection Removed
2023-06-04 03:49:25,183 [klippy_connection.py:_do_connect()] - Klippy Connection Established
2023-06-04 03:49:26,912 [klippy_connection.py:_request_initial_subscriptions()] - Webhooks Subscribed
2023-06-04 03:49:26,914 [klippy_connection.py:_request_initial_subscriptions()] - GCode Output Subscribed
2023-06-04 03:49:27,163 [job_state.py:_handle_started()] - Job state initialized: standby
2023-06-04 03:49:27,424 [klippy_connection.py:_check_ready()] - Klippy ready
2023-06-04 03:49:27,924 [data_store.py:_init_sensors()] - Configuring available sensors: ['temperature_sensor SKR_2', 'heater_bed', 'temperature_sensor RPI', 'extruder']
2023-06-04 03:49:53,974 [websockets.py:on_close()] - Websocket Closed: ID: 3883675432 Close Code: 1001, Close Reason: None, Pong Time Elapsed: 2.36
2023-06-04 03:52:32,028 [app.py:log_request()] - 101 GET /websocket (192.168.1.3) [_TRUSTED_USER_] 5.52ms
2023-06-04 03:52:32,030 [websockets.py:open()] - Websocket Opened: ID: 3883869784, Proxied: True, User Agent: Mozilla/5.0 (Windows NT 10.0; Win64; x64) AppleWebKit/537.36 (KHTML, like Gecko) Chrome/113.0.0.0 Safari/537.36, Host Name: 192.168.1.100
2023-06-04 03:52:32,038 [websockets.py:_handle_identify()] - Websocket 3883869784 Client Identified - Name: mainsail, Version: 2.5.1, Type: web
2023-06-04 03:52:36,752 [server.py:_handle_term_signal()] - Exiting with signal SIGTERM
2023-06-04 03:52:36,861 [websockets.py:on_close()] - Websocket Closed: ID: 3883869784 Close Code: 1001, Close Reason: Server Shutdown, Pong Time Elapsed: 4.84
2023-06-04 03:52:36,863 [klippy_connection.py:_on_connection_closed()] - Klippy Connection Removed
2023-06-04 03:52:52,729 [proc_stats.py:_watchdog_callback()] - EVENT LOOP BLOCKED: 17.05 seconds, total blocked count: 1
2023-06-04 03:52:52,732 [database.py:close()] - Database statistics:

announcements:
psize: 4096
depth: 0
branch_pages: 0
leaf_pages: 0
overflow_pages: 0
entries: 0
authorized_users:
psize: 4096
depth: 1
branch_pages: 0
leaf_pages: 1
overflow_pages: 0
entries: 1
gcode_metadata:
psize: 4096
depth: 1
branch_pages: 0
leaf_pages: 1
overflow_pages: 0
entries: 2
history:
psize: 4096
depth: 2
branch_pages: 1
leaf_pages: 107
overflow_pages: 0
entries: 243
mainsail:
psize: 4096
depth: 2
branch_pages: 1
leaf_pages: 2
overflow_pages: 0
entries: 12
moonraker:
psize: 4096
depth: 1
branch_pages: 0
leaf_pages: 1
overflow_pages: 0
entries: 7
update_manager:
psize: 4096
depth: 2
branch_pages: 1
leaf_pages: 2
overflow_pages: 0
entries: 7
2023-06-04 03:52:52,742 [server.py:main()] - Server Shutdown
-------------------- Log Start | Sun Jun  4 10:53:26 2023 --------------------
data_path: /home/pi/printer_data
is_default_data_path: False
config_file: /home/pi/printer_data/config/moonraker.conf
startup_warnings: []
verbose: False
debug: False
asyncio_debug: False
is_backup_config: False
is_python_package: False
software_version: v0.8.0-46-gd623163
git_branch: master
git_remote: origin
git_repo_url: https://github.com/Arksine/moonraker.git
modified_files: []
unofficial_components: []
log_file: /home/pi/printer_data/logs/moonraker.log
python_version: 3.9.2 (default, Mar 12 2021, 04:06:34)  [GCC 10.2.1 20210110]
2023-06-04 03:53:26,384 [confighelper.py:read_file()] - Configuration File '/home/pi/printer_data/config/moonraker.conf' parsed, total size: 2168 B
2023-06-04 03:53:26,385 [server.py:add_log_rollover_item()] - 
#################### Moonraker Configuration ####################

[server]
host = 0.0.0.0
port = 7125
max_upload_size = 1024
klippy_uds_address = ~/printer_data/comms/klippy.sock

[file_manager]
enable_object_processing = True

[authorization]
cors_domains = 
	https://my.mainsail.xyz
	http://my.mainsail.xyz
	http://*.local
	http://*.lan
trusted_clients = 
	10.0.0.0/8
	127.0.0.0/8
	169.254.0.0/16
	172.16.0.0/12
	192.168.0.0/16
	FE80::/10
	::1/128

[octoprint_compat]

[history]

[announcements]
subscriptions = 
	mainsail

[update_manager]
refresh_interval = 168
enable_auto_refresh = True

[update_manager mainsail]
type = web
channel = stable
repo = mainsail-crew/mainsail
path = ~/mainsail

[update_manager mainsail-config]
type = git_repo
primary_branch = master
path = ~/mainsail-config
origin = https://github.com/mainsail-crew/mainsail-config.git
managed_services = klipper

[update_manager crowsnest]
type = git_repo
path = ~/crowsnest
origin = https://github.com/mainsail-crew/crowsnest.git
managed_services = crowsnest
install_script = tools/install.sh

[update_manager sonar]
type = git_repo
path = ~/sonar
origin = https://github.com/mainsail-crew/sonar.git
primary_branch = main
managed_services = sonar
install_script = tools/install.sh

#################################################################
All Configuration Files:
/home/pi/printer_data/config/moonraker.conf
#################################################################
2023-06-04 03:53:26,420 [app.py:register_local_handler()] - Registering HTTP Endpoint: (POST) /server/logs/rollover
2023-06-04 03:53:26,421 [websockets.py:register_api_handler()] - Registering Websocket JSON-RPC methods: server.logs.rollover
2023-06-04 03:53:26,421 [app.py:register_local_handler()] - Registering HTTP Endpoint: (GET) /server/info
2023-06-04 03:53:26,421 [websockets.py:register_api_handler()] - Registering Websocket JSON-RPC methods: server.info
2023-06-04 03:53:26,421 [app.py:register_local_handler()] - Registering HTTP Endpoint: (GET) /server/config
2023-06-04 03:53:26,422 [websockets.py:register_api_handler()] - Registering Websocket JSON-RPC methods: server.config
2023-06-04 03:53:26,422 [app.py:register_local_handler()] - Registering HTTP Endpoint: (POST) /server/restart
2023-06-04 03:53:26,422 [websockets.py:register_api_handler()] - Registering Websocket JSON-RPC methods: server.restart
2023-06-04 03:53:26,517 [server.py:load_component()] - Component (dbus_manager) loaded
2023-06-04 03:53:26,576 [server.py:add_log_rollover_item()] - Unsafe Shutdown Count: 2
2023-06-04 03:53:26,650 [app.py:register_local_handler()] - Registering HTTP Endpoint: (GET) /server/database/list
2023-06-04 03:53:26,651 [websockets.py:register_api_handler()] - Registering Websocket JSON-RPC methods: server.database.list
2023-06-04 03:53:26,651 [app.py:register_local_handler()] - Registering HTTP Endpoint: (GET POST DELETE) /server/database/item
2023-06-04 03:53:26,651 [websockets.py:register_api_handler()] - Registering Websocket JSON-RPC methods: server.database.get_item, server.database.post_item, server.database.delete_item
2023-06-04 03:53:26,651 [server.py:load_component()] - Component (database) loaded
2023-06-04 03:53:26,681 [file_manager.py:__init__()] - Using File System Observer: inotify
2023-06-04 03:53:26,711 [app.py:register_local_handler()] - Registering HTTP Endpoint: (GET) /server/files/list
2023-06-04 03:53:26,712 [websockets.py:register_api_handler()] - Registering Websocket JSON-RPC methods: server.files.list
2023-06-04 03:53:26,712 [app.py:register_local_handler()] - Registering HTTP Endpoint: (GET) /server/files/metadata
2023-06-04 03:53:26,712 [websockets.py:register_api_handler()] - Registering Websocket JSON-RPC methods: server.files.metadata
2023-06-04 03:53:26,712 [app.py:register_local_handler()] - Registering HTTP Endpoint: (POST) /server/files/metascan
2023-06-04 03:53:26,713 [websockets.py:register_api_handler()] - Registering Websocket JSON-RPC methods: server.files.metascan
2023-06-04 03:53:26,713 [app.py:register_local_handler()] - Registering HTTP Endpoint: (GET) /server/files/thumbnails
2023-06-04 03:53:26,713 [websockets.py:register_api_handler()] - Registering Websocket JSON-RPC methods: server.files.thumbnails
2023-06-04 03:53:26,713 [app.py:register_local_handler()] - Registering HTTP Endpoint: (GET) /server/files/roots
2023-06-04 03:53:26,713 [websockets.py:register_api_handler()] - Registering Websocket JSON-RPC methods: server.files.roots
2023-06-04 03:53:26,714 [app.py:register_local_handler()] - Registering HTTP Endpoint: (GET POST DELETE) /server/files/directory
2023-06-04 03:53:26,714 [websockets.py:register_api_handler()] - Registering Websocket JSON-RPC methods: server.files.get_directory, server.files.post_directory, server.files.delete_directory
2023-06-04 03:53:26,714 [app.py:register_local_handler()] - Registering HTTP Endpoint: (POST) /server/files/move
2023-06-04 03:53:26,714 [websockets.py:register_api_handler()] - Registering Websocket JSON-RPC methods: server.files.move
2023-06-04 03:53:26,714 [app.py:register_local_handler()] - Registering HTTP Endpoint: (POST) /server/files/copy
2023-06-04 03:53:26,715 [websockets.py:register_api_handler()] - Registering Websocket JSON-RPC methods: server.files.copy
2023-06-04 03:53:26,715 [app.py:register_local_handler()] - Registering HTTP Endpoint: (POST) /server/files/zip
2023-06-04 03:53:26,715 [websockets.py:register_api_handler()] - Registering Websocket JSON-RPC methods: server.files.zip
2023-06-04 03:53:26,715 [websockets.py:register_api_handler()] - Registering Websocket JSON-RPC methods: server.files.delete_file
2023-06-04 03:53:26,723 [server.py:load_component()] - Component (file_manager) loaded
2023-06-04 03:53:26,726 [app.py:register_local_handler()] - Registering HTTP Endpoint: (POST) /printer/print/pause
2023-06-04 03:53:26,727 [websockets.py:register_api_handler()] - Registering Websocket JSON-RPC methods: printer.print.pause
2023-06-04 03:53:26,727 [app.py:register_local_handler()] - Registering HTTP Endpoint: (POST) /printer/print/resume
2023-06-04 03:53:26,727 [websockets.py:register_api_handler()] - Registering Websocket JSON-RPC methods: printer.print.resume
2023-06-04 03:53:26,727 [app.py:register_local_handler()] - Registering HTTP Endpoint: (POST) /printer/print/cancel
2023-06-04 03:53:26,727 [websockets.py:register_api_handler()] - Registering Websocket JSON-RPC methods: printer.print.cancel
2023-06-04 03:53:26,728 [app.py:register_local_handler()] - Registering HTTP Endpoint: (POST) /printer/print/start
2023-06-04 03:53:26,728 [websockets.py:register_api_handler()] - Registering Websocket JSON-RPC methods: printer.print.start
2023-06-04 03:53:26,728 [app.py:register_local_handler()] - Registering HTTP Endpoint: (POST) /printer/restart
2023-06-04 03:53:26,728 [websockets.py:register_api_handler()] - Registering Websocket JSON-RPC methods: printer.restart
2023-06-04 03:53:26,728 [app.py:register_local_handler()] - Registering HTTP Endpoint: (POST) /printer/firmware_restart
2023-06-04 03:53:26,729 [websockets.py:register_api_handler()] - Registering Websocket JSON-RPC methods: printer.firmware_restart
2023-06-04 03:53:26,729 [server.py:load_component()] - Component (klippy_apis) loaded
2023-06-04 03:53:26,923 [server.py:load_component()] - Component (secrets) loaded
2023-06-04 03:53:26,934 [server.py:load_component()] - Component (template) loaded
2023-06-04 03:53:27,087 [server.py:add_log_rollover_item()] - 
System Info:

***python***
  version: sys.version_info(major=3, minor=9, micro=2, releaselevel='final', serial=0)
  version_string: 3.9.2 (default, Mar 12 2021, 04:06:34)  [GCC 10.2.1 20210110]

***cpu_info***
  cpu_count: 4
  bits: 32bit
  processor: aarch64
  cpu_desc: 
  serial_number: 10000000f7c169aa
  hardware_desc: BCM2835
  model: Raspberry Pi 4 Model B Rev 1.2
  total_memory: 3705536
  memory_units: kB

***sd_info***
  manufacturer_id: 27
  manufacturer: Unknown
  oem_id: 5048
  product_name: SD16G
  product_revision: 6.0
  serial_number: 01e26f96
  manufacturer_date: 8/2018
  capacity: 14.6 GiB
  total_bytes: 15665725440

***distribution***
  name: Raspbian GNU/Linux 11 (bullseye)
  id: raspbian
  version: 11
  version_parts: {'major': '11', 'minor': '', 'build_number': ''}
  like: debian
  codename: bullseye
  release_info: {'name': 'MainsailOS', 'version_id': '1.0.1', 'codename': 'bullseye', 'id': 'mainsailos'}

***virtualization***
  virt_type: none
  virt_identifier: none

***network***

***canbus***

***Allowed Services***
  klipper_mcu
  webcamd
  MoonCord
  KlipperScreen
  moonraker-telegram-bot
  moonraker-obico
  sonar
  crowsnest
  octoeverywhere
  ratos-configurator
2023-06-04 03:53:27,091 [server.py:load_component()] - Component (shell_command) loaded
2023-06-04 03:53:27,091 [machine.py:__init__()] - Using System Provider: systemd_dbus
2023-06-04 03:53:27,092 [app.py:register_local_handler()] - Registering HTTP Endpoint: (POST) /machine/reboot
2023-06-04 03:53:27,093 [websockets.py:register_api_handler()] - Registering Websocket JSON-RPC methods: machine.reboot
2023-06-04 03:53:27,093 [app.py:register_local_handler()] - Registering HTTP Endpoint: (POST) /machine/shutdown
2023-06-04 03:53:27,093 [websockets.py:register_api_handler()] - Registering Websocket JSON-RPC methods: machine.shutdown
2023-06-04 03:53:27,093 [app.py:register_local_handler()] - Registering HTTP Endpoint: (POST) /machine/services/restart
2023-06-04 03:53:27,093 [websockets.py:register_api_handler()] - Registering Websocket JSON-RPC methods: machine.services.restart
2023-06-04 03:53:27,094 [app.py:register_local_handler()] - Registering HTTP Endpoint: (POST) /machine/services/stop
2023-06-04 03:53:27,094 [websockets.py:register_api_handler()] - Registering Websocket JSON-RPC methods: machine.services.stop
2023-06-04 03:53:27,094 [app.py:register_local_handler()] - Registering HTTP Endpoint: (POST) /machine/services/start
2023-06-04 03:53:27,095 [websockets.py:register_api_handler()] - Registering Websocket JSON-RPC methods: machine.services.start
2023-06-04 03:53:27,095 [app.py:register_local_handler()] - Registering HTTP Endpoint: (GET) /machine/system_info
2023-06-04 03:53:27,095 [websockets.py:register_api_handler()] - Registering Websocket JSON-RPC methods: machine.system_info
2023-06-04 03:53:27,095 [app.py:register_local_handler()] - Registering HTTP Endpoint: (GET) /machine/sudo/info
2023-06-04 03:53:27,096 [websockets.py:register_api_handler()] - Registering Websocket JSON-RPC methods: machine.sudo.info
2023-06-04 03:53:27,096 [app.py:register_local_handler()] - Registering HTTP Endpoint: (POST) /machine/sudo/password
2023-06-04 03:53:27,097 [websockets.py:register_api_handler()] - Registering Websocket JSON-RPC methods: machine.sudo.password
2023-06-04 03:53:27,098 [server.py:load_component()] - Component (machine) loaded
2023-06-04 03:53:27,101 [app.py:register_local_handler()] - Registering HTTP Endpoint: (GET) /server/temperature_store
2023-06-04 03:53:27,102 [websockets.py:register_api_handler()] - Registering Websocket JSON-RPC methods: server.temperature_store
2023-06-04 03:53:27,102 [app.py:register_local_handler()] - Registering HTTP Endpoint: (GET) /server/gcode_store
2023-06-04 03:53:27,102 [websockets.py:register_api_handler()] - Registering Websocket JSON-RPC methods: server.gcode_store
2023-06-04 03:53:27,102 [server.py:load_component()] - Component (data_store) loaded
2023-06-04 03:53:27,106 [proc_stats.py:__init__()] - Detected 'vcgencmd', throttle checking enabled
2023-06-04 03:53:27,107 [app.py:register_local_handler()] - Registering HTTP Endpoint: (GET) /machine/proc_stats
2023-06-04 03:53:27,108 [websockets.py:register_api_handler()] - Registering Websocket JSON-RPC methods: machine.proc_stats
2023-06-04 03:53:27,108 [server.py:load_component()] - Component (proc_stats) loaded
2023-06-04 03:53:27,111 [server.py:load_component()] - Component (job_state) loaded
2023-06-04 03:53:27,114 [app.py:register_local_handler()] - Registering HTTP Endpoint: (POST DELETE) /server/job_queue/job
2023-06-04 03:53:27,114 [websockets.py:register_api_handler()] - Registering Websocket JSON-RPC methods: server.job_queue.post_job, server.job_queue.delete_job
2023-06-04 03:53:27,114 [app.py:register_local_handler()] - Registering HTTP Endpoint: (POST) /server/job_queue/pause
2023-06-04 03:53:27,115 [websockets.py:register_api_handler()] - Registering Websocket JSON-RPC methods: server.job_queue.pause
2023-06-04 03:53:27,115 [app.py:register_local_handler()] - Registering HTTP Endpoint: (POST) /server/job_queue/start
2023-06-04 03:53:27,115 [websockets.py:register_api_handler()] - Registering Websocket JSON-RPC methods: server.job_queue.start
2023-06-04 03:53:27,115 [app.py:register_local_handler()] - Registering HTTP Endpoint: (GET) /server/job_queue/status
2023-06-04 03:53:27,116 [websockets.py:register_api_handler()] - Registering Websocket JSON-RPC methods: server.job_queue.status
2023-06-04 03:53:27,116 [app.py:register_local_handler()] - Registering HTTP Endpoint: (POST) /server/job_queue/jump
2023-06-04 03:53:27,116 [websockets.py:register_api_handler()] - Registering Websocket JSON-RPC methods: server.job_queue.jump
2023-06-04 03:53:27,116 [server.py:load_component()] - Component (job_queue) loaded
2023-06-04 03:53:27,136 [server.py:load_component()] - Component (http_client) loaded
2023-06-04 03:53:27,140 [app.py:register_local_handler()] - Registering HTTP Endpoint: (GET) /server/announcements/list
2023-06-04 03:53:27,141 [websockets.py:register_api_handler()] - Registering Websocket JSON-RPC methods: server.announcements.list
2023-06-04 03:53:27,141 [app.py:register_local_handler()] - Registering HTTP Endpoint: (POST) /server/announcements/dismiss
2023-06-04 03:53:27,141 [websockets.py:register_api_handler()] - Registering Websocket JSON-RPC methods: server.announcements.dismiss
2023-06-04 03:53:27,141 [app.py:register_local_handler()] - Registering HTTP Endpoint: (POST) /server/announcements/update
2023-06-04 03:53:27,142 [websockets.py:register_api_handler()] - Registering Websocket JSON-RPC methods: server.announcements.update
2023-06-04 03:53:27,142 [app.py:register_local_handler()] - Registering HTTP Endpoint: (POST DELETE) /server/announcements/feed
2023-06-04 03:53:27,142 [websockets.py:register_api_handler()] - Registering Websocket JSON-RPC methods: server.announcements.post_feed, server.announcements.delete_feed
2023-06-04 03:53:27,142 [app.py:register_local_handler()] - Registering HTTP Endpoint: (GET) /server/announcements/feeds
2023-06-04 03:53:27,143 [websockets.py:register_api_handler()] - Registering Websocket JSON-RPC methods: server.announcements.feeds
2023-06-04 03:53:27,143 [server.py:load_component()] - Component (announcements) loaded
2023-06-04 03:53:27,153 [app.py:register_local_handler()] - Registering HTTP Endpoint: (GET) /server/webcams/list
2023-06-04 03:53:27,153 [websockets.py:register_api_handler()] - Registering Websocket JSON-RPC methods: server.webcams.list
2023-06-04 03:53:27,153 [app.py:register_local_handler()] - Registering HTTP Endpoint: (GET POST DELETE) /server/webcams/item
2023-06-04 03:53:27,154 [websockets.py:register_api_handler()] - Registering Websocket JSON-RPC methods: server.webcams.get_item, server.webcams.post_item, server.webcams.delete_item
2023-06-04 03:53:27,154 [app.py:register_local_handler()] - Registering HTTP Endpoint: (POST) /server/webcams/test
2023-06-04 03:53:27,154 [websockets.py:register_api_handler()] - Registering Websocket JSON-RPC methods: server.webcams.test
2023-06-04 03:53:27,154 [server.py:load_component()] - Component (webcam) loaded
2023-06-04 03:53:27,157 [websockets.py:register_api_handler()] - Registering Websocket JSON-RPC methods: connection.send_event
2023-06-04 03:53:27,157 [app.py:register_local_handler()] - Registering HTTP Endpoint: (GET) /server/extensions/list
2023-06-04 03:53:27,158 [websockets.py:register_api_handler()] - Registering Websocket JSON-RPC methods: server.extensions.list
2023-06-04 03:53:27,158 [app.py:register_local_handler()] - Registering HTTP Endpoint: (POST) /server/extensions/request
2023-06-04 03:53:27,158 [websockets.py:register_api_handler()] - Registering Websocket JSON-RPC methods: server.extensions.request
2023-06-04 03:53:27,159 [server.py:load_component()] - Component (extensions) loaded
2023-06-04 03:53:27,162 [app.py:register_local_handler()] - Registering HTTP Endpoint: (GET) /api/version
2023-06-04 03:53:27,162 [app.py:register_local_handler()] - Registering HTTP Endpoint: (GET) /api/server
2023-06-04 03:53:27,162 [app.py:register_local_handler()] - Registering HTTP Endpoint: (POST) /api/login
2023-06-04 03:53:27,163 [app.py:register_local_handler()] - Registering HTTP Endpoint: (GET) /api/currentuser
2023-06-04 03:53:27,163 [app.py:register_local_handler()] - Registering HTTP Endpoint: (GET) /api/settings
2023-06-04 03:53:27,163 [app.py:register_local_handler()] - Registering HTTP Endpoint: (GET) /api/job
2023-06-04 03:53:27,163 [app.py:register_local_handler()] - Registering HTTP Endpoint: (GET) /api/printer
2023-06-04 03:53:27,164 [app.py:register_local_handler()] - Registering HTTP Endpoint: (POST) /api/printer/command
2023-06-04 03:53:27,164 [app.py:register_local_handler()] - Registering HTTP Endpoint: (GET) /api/printerprofiles
2023-06-04 03:53:27,165 [app.py:register_local_handler()] - Registering HTTP Endpoint: (POST) /api/files/moonraker/(?P<relative_path>.+)
2023-06-04 03:53:27,165 [server.py:load_component()] - Component (octoprint_compat) loaded
2023-06-04 03:53:27,169 [app.py:register_local_handler()] - Registering HTTP Endpoint: (GET DELETE) /server/history/job
2023-06-04 03:53:27,169 [websockets.py:register_api_handler()] - Registering Websocket JSON-RPC methods: server.history.get_job, server.history.delete_job
2023-06-04 03:53:27,170 [app.py:register_local_handler()] - Registering HTTP Endpoint: (GET) /server/history/list
2023-06-04 03:53:27,170 [websockets.py:register_api_handler()] - Registering Websocket JSON-RPC methods: server.history.list
2023-06-04 03:53:27,170 [app.py:register_local_handler()] - Registering HTTP Endpoint: (GET) /server/history/totals
2023-06-04 03:53:27,170 [websockets.py:register_api_handler()] - Registering Websocket JSON-RPC methods: server.history.totals
2023-06-04 03:53:27,170 [app.py:register_local_handler()] - Registering HTTP Endpoint: (POST) /server/history/reset_totals
2023-06-04 03:53:27,171 [websockets.py:register_api_handler()] - Registering Websocket JSON-RPC methods: server.history.reset_totals
2023-06-04 03:53:27,174 [server.py:load_component()] - Component (history) loaded
2023-06-04 03:53:27,204 [authorization.py:__init__()] - Authorization Configuration Loaded
Trusted Clients:
10.0.0.0/8
127.0.0.0/8
169.254.0.0/16
172.16.0.0/12
192.168.0.0/16
fe80::/10
::1/128
CORS Domains:
https://my\.mainsail\.xyz
http://my\.mainsail\.xyz
http://.*\.local
http://.*\.lan
2023-06-04 03:53:27,204 [app.py:register_local_handler()] - Registering HTTP Endpoint: (POST) /access/login
2023-06-04 03:53:27,204 [websockets.py:register_api_handler()] - Registering Websocket JSON-RPC methods: access.login
2023-06-04 03:53:27,205 [app.py:register_local_handler()] - Registering HTTP Endpoint: (POST) /access/logout
2023-06-04 03:53:27,205 [websockets.py:register_api_handler()] - Registering Websocket JSON-RPC methods: access.logout
2023-06-04 03:53:27,205 [app.py:register_local_handler()] - Registering HTTP Endpoint: (POST) /access/refresh_jwt
2023-06-04 03:53:27,205 [websockets.py:register_api_handler()] - Registering Websocket JSON-RPC methods: access.refresh_jwt
2023-06-04 03:53:27,205 [app.py:register_local_handler()] - Registering HTTP Endpoint: (GET POST DELETE) /access/user
2023-06-04 03:53:27,206 [websockets.py:register_api_handler()] - Registering Websocket JSON-RPC methods: access.get_user, access.post_user, access.delete_user
2023-06-04 03:53:27,206 [app.py:register_local_handler()] - Registering HTTP Endpoint: (GET) /access/users/list
2023-06-04 03:53:27,206 [websockets.py:register_api_handler()] - Registering Websocket JSON-RPC methods: access.users.list
2023-06-04 03:53:27,206 [app.py:register_local_handler()] - Registering HTTP Endpoint: (POST) /access/user/password
2023-06-04 03:53:27,207 [websockets.py:register_api_handler()] - Registering Websocket JSON-RPC methods: access.user.password
2023-06-04 03:53:27,207 [app.py:register_local_handler()] - Registering HTTP Endpoint: (GET POST) /access/api_key
2023-06-04 03:53:27,207 [websockets.py:register_api_handler()] - Registering Websocket JSON-RPC methods: access.get_api_key, access.post_api_key
2023-06-04 03:53:27,207 [app.py:register_local_handler()] - Registering HTTP Endpoint: (GET) /access/oneshot_token
2023-06-04 03:53:27,207 [websockets.py:register_api_handler()] - Registering Websocket JSON-RPC methods: access.oneshot_token
2023-06-04 03:53:27,207 [app.py:register_local_handler()] - Registering HTTP Endpoint: (GET) /access/info
2023-06-04 03:53:27,208 [websockets.py:register_api_handler()] - Registering Websocket JSON-RPC methods: access.info
2023-06-04 03:53:27,208 [server.py:load_component()] - Component (authorization) loaded
2023-06-04 03:53:27,252 [base_deploy.py:log_info()] - Application moonraker: Detected virtualenv: /home/pi/moonraker-env
2023-06-04 03:53:27,255 [base_deploy.py:log_info()] - Application klipper: Detected virtualenv: /home/pi/klippy-env
2023-06-04 03:53:27,265 [app.py:register_local_handler()] - Registering HTTP Endpoint: (POST) /machine/update/moonraker
2023-06-04 03:53:27,265 [websockets.py:register_api_handler()] - Registering Websocket JSON-RPC methods: machine.update.moonraker
2023-06-04 03:53:27,265 [app.py:register_local_handler()] - Registering HTTP Endpoint: (POST) /machine/update/klipper
2023-06-04 03:53:27,266 [websockets.py:register_api_handler()] - Registering Websocket JSON-RPC methods: machine.update.klipper
2023-06-04 03:53:27,266 [app.py:register_local_handler()] - Registering HTTP Endpoint: (POST) /machine/update/system
2023-06-04 03:53:27,266 [websockets.py:register_api_handler()] - Registering Websocket JSON-RPC methods: machine.update.system
2023-06-04 03:53:27,266 [app.py:register_local_handler()] - Registering HTTP Endpoint: (POST) /machine/update/client
2023-06-04 03:53:27,266 [websockets.py:register_api_handler()] - Registering Websocket JSON-RPC methods: machine.update.client
2023-06-04 03:53:27,267 [app.py:register_local_handler()] - Registering HTTP Endpoint: (POST) /machine/update/full
2023-06-04 03:53:27,267 [websockets.py:register_api_handler()] - Registering Websocket JSON-RPC methods: machine.update.full
2023-06-04 03:53:27,267 [app.py:register_local_handler()] - Registering HTTP Endpoint: (GET) /machine/update/status
2023-06-04 03:53:27,267 [websockets.py:register_api_handler()] - Registering Websocket JSON-RPC methods: machine.update.status
2023-06-04 03:53:27,267 [app.py:register_local_handler()] - Registering HTTP Endpoint: (POST) /machine/update/refresh
2023-06-04 03:53:27,268 [websockets.py:register_api_handler()] - Registering Websocket JSON-RPC methods: machine.update.refresh
2023-06-04 03:53:27,268 [app.py:register_local_handler()] - Registering HTTP Endpoint: (POST) /machine/update/recover
2023-06-04 03:53:27,268 [websockets.py:register_api_handler()] - Registering Websocket JSON-RPC methods: machine.update.recover
2023-06-04 03:53:27,268 [server.py:load_component()] - Component (update_manager) loaded
2023-06-04 03:53:27,279 [server.py:_initialize_component()] - Performing Component Post Init: [dbus_manager]
2023-06-04 03:53:27,292 [server.py:_initialize_component()] - Performing Component Post Init: [file_manager]
2023-06-04 03:53:27,334 [server.py:_initialize_component()] - Performing Component Post Init: [machine]
2023-06-04 03:53:27,334 [machine.py:validation_init()] - Installation version in database up to date
2023-06-04 03:53:27,615 [machine.py:check_virt_status()] - No Virtualization Detected
2023-06-04 03:53:27,629 [machine.py:_find_public_ip()] - Detected Local IP: 192.168.1.100
2023-06-04 03:53:27,632 [webcam.py:_set_default_host_ip()] - Default public webcam address set: http://192.168.1.100
2023-06-04 03:53:27,719 [server.py:add_log_rollover_item()] - 
Systemd unit moonraker.service:
unit_name: moonraker.service
is_default: True
manager: systemd
Properties:
**Requires=['system.slice', 'sysinit.target', '-.mount', 'network-online.target']
**After=['system.slice', 'systemd-journald.socket', 'sysinit.target', '-.mount', 'klipper.service', 'network-online.target', 'basic.target']
**SupplementaryGroups=['moonraker-admin']
**EnvironmentFiles=/home/pi/printer_data/systemd/moonraker.env
**ExecStart=/home/pi/moonraker-env/bin/python $MOONRAKER_ARGS
**WorkingDirectory=/home/pi/moonraker
**FragmentPath=/etc/systemd/system/moonraker.service
**Description=API Server for Klipper SV1
**User=pi
2023-06-04 03:53:27,719 [server.py:_initialize_component()] - Performing Component Post Init: [proc_stats]
2023-06-04 03:53:27,719 [server.py:_initialize_component()] - Performing Component Post Init: [announcements]
2023-06-04 03:53:27,720 [server.py:_initialize_component()] - Performing Component Post Init: [webcam]
2023-06-04 03:53:27,721 [webcam.py:_set_default_host_ip()] - Default public webcam address set: http://192.168.1.100
2023-06-04 03:53:27,721 [server.py:_initialize_component()] - Performing Component Post Init: [klippy_connection]
2023-06-04 03:53:27,721 [server.py:add_log_rollover_item()] - 
Systemd unit klipper.service:
unit_name: klipper.service
is_default: True
manager: systemd
Properties:
**Requires=['-.mount', 'system.slice', 'sysinit.target']
**After=['system.slice', '-.mount', 'sysinit.target', 'basic.target', 'network-online.target', 'systemd-journald.socket']
**SupplementaryGroups=[]
**EnvironmentFiles=/home/pi/printer_data/systemd/klipper.env
**ExecStart=/home/pi/klippy-env/bin/python $KLIPPER_ARGS
**WorkingDirectory=/home/pi/klipper
**FragmentPath=/etc/systemd/system/klipper.service
**Description=Klipper 3D Printer Firmware SV1
**User=pi
2023-06-04 03:53:27,721 [server.py:_initialize_component()] - Performing Component Post Init: [authorization]
2023-06-04 03:53:27,722 [server.py:_initialize_component()] - Performing Component Post Init: [update_manager]
2023-06-04 03:54:14,695 [shell_command.py:_check_proc_success()] - Command (sh -c 'command -v apt') successfully finished
2023-06-04 03:54:14,695 [update_manager.py:initialize()] - PackageDeploy: Using APT CLI Provider
2023-06-04 03:54:14,697 [update_manager.py:initialize()] - 
Initializing Client Updater: 'mainsail',
Channel: stable
path: /home/pi/mainsail
2023-06-04 03:54:14,700 [extensions.py:start_unix_server()] - Creating Unix Domain Socket at '/home/pi/printer_data/comms/moonraker.sock'
2023-06-04 03:54:14,701 [server.py:start_server()] - Starting Moonraker on (0.0.0.0, 7125), Hostname: MK3S
2023-06-04 03:54:14,702 [app.py:listen()] - SSL Certificate/Key not configured, aborting HTTPS Server startup
2023-06-04 04:41:04,952 [authorization.py:_check_trusted_connection()] - Trusted Connection Detected, IP: 192.168.1.3
2023-06-04 04:41:04,953 [app.py:log_request()] - 101 GET /websocket (192.168.1.3) [_TRUSTED_USER_] 3.46ms
2023-06-04 04:41:04,954 [websockets.py:open()] - Websocket Opened: ID: 3879544168, Proxied: True, User Agent: Mozilla/5.0 (Windows NT 10.0; Win64; x64) AppleWebKit/537.36 (KHTML, like Gecko) Chrome/113.0.0.0 Safari/537.36, Host Name: 192.168.1.100
2023-06-04 04:41:04,957 [websockets.py:_handle_identify()] - Websocket 3879544168 Client Identified - Name: mainsail, Version: 2.5.1, Type: web
2023-06-04 04:41:45,471 [websockets.py:on_close()] - Websocket Closed: ID: 3879544168 Close Code: 1001, Close Reason: None, Pong Time Elapsed: 0.51
2023-06-04 04:41:45,709 [app.py:log_request()] - 101 GET /websocket (192.168.1.3) [_TRUSTED_USER_] 4.91ms
2023-06-04 04:41:45,710 [websockets.py:open()] - Websocket Opened: ID: 3879497864, Proxied: True, User Agent: Mozilla/5.0 (Windows NT 10.0; Win64; x64) AppleWebKit/537.36 (KHTML, like Gecko) Chrome/113.0.0.0 Safari/537.36, Host Name: 192.168.1.100
2023-06-04 04:41:45,719 [websockets.py:_handle_identify()] - Websocket 3879497864 Client Identified - Name: mainsail, Version: 2.5.1, Type: web
2023-06-04 04:42:32,172 [websockets.py:on_close()] - Websocket Closed: ID: 3879497864 Close Code: 1001, Close Reason: None, Pong Time Elapsed: 6.46
2023-06-04 04:42:32,349 [app.py:log_request()] - 101 GET /websocket (192.168.1.3) [_TRUSTED_USER_] 4.98ms
2023-06-04 04:42:32,350 [websockets.py:open()] - Websocket Opened: ID: 3879532864, Proxied: True, User Agent: Mozilla/5.0 (Windows NT 10.0; Win64; x64) AppleWebKit/537.36 (KHTML, like Gecko) Chrome/113.0.0.0 Safari/537.36, Host Name: 192.168.1.100
2023-06-04 04:42:32,358 [websockets.py:_handle_identify()] - Websocket 3879532864 Client Identified - Name: mainsail, Version: 2.5.1, Type: web
2023-06-04 04:44:02,191 [server.py:_handle_term_signal()] - Exiting with signal SIGTERM
2023-06-04 04:44:02,303 [websockets.py:on_close()] - Websocket Closed: ID: 3879532864 Close Code: 1001, Close Reason: Server Shutdown, Pong Time Elapsed: 9.95
2023-06-04 04:44:05,738 [database.py:close()] - Database statistics:

announcements:
psize: 4096
depth: 0
branch_pages: 0
leaf_pages: 0
overflow_pages: 0
entries: 0
authorized_users:
psize: 4096
depth: 1
branch_pages: 0
leaf_pages: 1
overflow_pages: 0
entries: 1
gcode_metadata:
psize: 4096
depth: 1
branch_pages: 0
leaf_pages: 1
overflow_pages: 0
entries: 2
history:
psize: 4096
depth: 2
branch_pages: 1
leaf_pages: 107
overflow_pages: 0
entries: 243
mainsail:
psize: 4096
depth: 2
branch_pages: 1
leaf_pages: 2
overflow_pages: 0
entries: 12
moonraker:
psize: 4096
depth: 1
branch_pages: 0
leaf_pages: 1
overflow_pages: 0
entries: 7
update_manager:
psize: 4096
depth: 2
branch_pages: 1
leaf_pages: 2
overflow_pages: 0
entries: 7
2023-06-04 04:44:05,745 [server.py:main()] - Server Shutdown
-------------------- Log Start | Sun Jun  4 11:44:48 2023 --------------------
data_path: /home/pi/printer_data
is_default_data_path: False
config_file: /home/pi/printer_data/config/moonraker.conf
startup_warnings: []
verbose: False
debug: False
asyncio_debug: False
is_backup_config: False
is_python_package: False
software_version: v0.8.0-46-gd623163
git_branch: master
git_remote: origin
git_repo_url: https://github.com/Arksine/moonraker.git
modified_files: []
unofficial_components: []
log_file: /home/pi/printer_data/logs/moonraker.log
python_version: 3.9.2 (default, Mar 12 2021, 04:06:34)  [GCC 10.2.1 20210110]
2023-06-04 04:44:48,324 [confighelper.py:read_file()] - Configuration File '/home/pi/printer_data/config/moonraker.conf' parsed, total size: 2168 B
2023-06-04 04:44:48,325 [server.py:add_log_rollover_item()] - 
#################### Moonraker Configuration ####################

[server]
host = 0.0.0.0
port = 7125
max_upload_size = 1024
klippy_uds_address = ~/printer_data/comms/klippy.sock

[file_manager]
enable_object_processing = True

[authorization]
cors_domains = 
	https://my.mainsail.xyz
	http://my.mainsail.xyz
	http://*.local
	http://*.lan
trusted_clients = 
	10.0.0.0/8
	127.0.0.0/8
	169.254.0.0/16
	172.16.0.0/12
	192.168.0.0/16
	FE80::/10
	::1/128

[octoprint_compat]

[history]

[announcements]
subscriptions = 
	mainsail

[update_manager]
refresh_interval = 168
enable_auto_refresh = True

[update_manager mainsail]
type = web
channel = stable
repo = mainsail-crew/mainsail
path = ~/mainsail

[update_manager mainsail-config]
type = git_repo
primary_branch = master
path = ~/mainsail-config
origin = https://github.com/mainsail-crew/mainsail-config.git
managed_services = klipper

[update_manager crowsnest]
type = git_repo
path = ~/crowsnest
origin = https://github.com/mainsail-crew/crowsnest.git
managed_services = crowsnest
install_script = tools/install.sh

[update_manager sonar]
type = git_repo
path = ~/sonar
origin = https://github.com/mainsail-crew/sonar.git
primary_branch = main
managed_services = sonar
install_script = tools/install.sh

#################################################################
All Configuration Files:
/home/pi/printer_data/config/moonraker.conf
#################################################################
2023-06-04 04:44:48,362 [app.py:register_local_handler()] - Registering HTTP Endpoint: (POST) /server/logs/rollover
2023-06-04 04:44:48,363 [websockets.py:register_api_handler()] - Registering Websocket JSON-RPC methods: server.logs.rollover
2023-06-04 04:44:48,363 [app.py:register_local_handler()] - Registering HTTP Endpoint: (GET) /server/info
2023-06-04 04:44:48,363 [websockets.py:register_api_handler()] - Registering Websocket JSON-RPC methods: server.info
2023-06-04 04:44:48,363 [app.py:register_local_handler()] - Registering HTTP Endpoint: (GET) /server/config
2023-06-04 04:44:48,364 [websockets.py:register_api_handler()] - Registering Websocket JSON-RPC methods: server.config
2023-06-04 04:44:48,364 [app.py:register_local_handler()] - Registering HTTP Endpoint: (POST) /server/restart
2023-06-04 04:44:48,364 [websockets.py:register_api_handler()] - Registering Websocket JSON-RPC methods: server.restart
2023-06-04 04:44:48,453 [server.py:load_component()] - Component (dbus_manager) loaded
2023-06-04 04:44:48,514 [server.py:add_log_rollover_item()] - Unsafe Shutdown Count: 2
2023-06-04 04:44:48,579 [app.py:register_local_handler()] - Registering HTTP Endpoint: (GET) /server/database/list
2023-06-04 04:44:48,580 [websockets.py:register_api_handler()] - Registering Websocket JSON-RPC methods: server.database.list
2023-06-04 04:44:48,580 [app.py:register_local_handler()] - Registering HTTP Endpoint: (GET POST DELETE) /server/database/item
2023-06-04 04:44:48,580 [websockets.py:register_api_handler()] - Registering Websocket JSON-RPC methods: server.database.get_item, server.database.post_item, server.database.delete_item
2023-06-04 04:44:48,580 [server.py:load_component()] - Component (database) loaded
2023-06-04 04:44:48,612 [file_manager.py:__init__()] - Using File System Observer: inotify
2023-06-04 04:44:48,642 [app.py:register_local_handler()] - Registering HTTP Endpoint: (GET) /server/files/list
2023-06-04 04:44:48,643 [websockets.py:register_api_handler()] - Registering Websocket JSON-RPC methods: server.files.list
2023-06-04 04:44:48,643 [app.py:register_local_handler()] - Registering HTTP Endpoint: (GET) /server/files/metadata
2023-06-04 04:44:48,643 [websockets.py:register_api_handler()] - Registering Websocket JSON-RPC methods: server.files.metadata
2023-06-04 04:44:48,643 [app.py:register_local_handler()] - Registering HTTP Endpoint: (POST) /server/files/metascan
2023-06-04 04:44:48,644 [websockets.py:register_api_handler()] - Registering Websocket JSON-RPC methods: server.files.metascan
2023-06-04 04:44:48,644 [app.py:register_local_handler()] - Registering HTTP Endpoint: (GET) /server/files/thumbnails
2023-06-04 04:44:48,644 [websockets.py:register_api_handler()] - Registering Websocket JSON-RPC methods: server.files.thumbnails
2023-06-04 04:44:48,644 [app.py:register_local_handler()] - Registering HTTP Endpoint: (GET) /server/files/roots
2023-06-04 04:44:48,645 [websockets.py:register_api_handler()] - Registering Websocket JSON-RPC methods: server.files.roots
2023-06-04 04:44:48,645 [app.py:register_local_handler()] - Registering HTTP Endpoint: (GET POST DELETE) /server/files/directory
2023-06-04 04:44:48,645 [websockets.py:register_api_handler()] - Registering Websocket JSON-RPC methods: server.files.get_directory, server.files.post_directory, server.files.delete_directory
2023-06-04 04:44:48,645 [app.py:register_local_handler()] - Registering HTTP Endpoint: (POST) /server/files/move
2023-06-04 04:44:48,646 [websockets.py:register_api_handler()] - Registering Websocket JSON-RPC methods: server.files.move
2023-06-04 04:44:48,646 [app.py:register_local_handler()] - Registering HTTP Endpoint: (POST) /server/files/copy
2023-06-04 04:44:48,646 [websockets.py:register_api_handler()] - Registering Websocket JSON-RPC methods: server.files.copy
2023-06-04 04:44:48,646 [app.py:register_local_handler()] - Registering HTTP Endpoint: (POST) /server/files/zip
2023-06-04 04:44:48,646 [websockets.py:register_api_handler()] - Registering Websocket JSON-RPC methods: server.files.zip
2023-06-04 04:44:48,646 [websockets.py:register_api_handler()] - Registering Websocket JSON-RPC methods: server.files.delete_file
2023-06-04 04:44:48,656 [server.py:load_component()] - Component (file_manager) loaded
2023-06-04 04:44:48,659 [app.py:register_local_handler()] - Registering HTTP Endpoint: (POST) /printer/print/pause
2023-06-04 04:44:48,659 [websockets.py:register_api_handler()] - Registering Websocket JSON-RPC methods: printer.print.pause
2023-06-04 04:44:48,659 [app.py:register_local_handler()] - Registering HTTP Endpoint: (POST) /printer/print/resume
2023-06-04 04:44:48,660 [websockets.py:register_api_handler()] - Registering Websocket JSON-RPC methods: printer.print.resume
2023-06-04 04:44:48,660 [app.py:register_local_handler()] - Registering HTTP Endpoint: (POST) /printer/print/cancel
2023-06-04 04:44:48,660 [websockets.py:register_api_handler()] - Registering Websocket JSON-RPC methods: printer.print.cancel
2023-06-04 04:44:48,660 [app.py:register_local_handler()] - Registering HTTP Endpoint: (POST) /printer/print/start
2023-06-04 04:44:48,661 [websockets.py:register_api_handler()] - Registering Websocket JSON-RPC methods: printer.print.start
2023-06-04 04:44:48,661 [app.py:register_local_handler()] - Registering HTTP Endpoint: (POST) /printer/restart
2023-06-04 04:44:48,661 [websockets.py:register_api_handler()] - Registering Websocket JSON-RPC methods: printer.restart
2023-06-04 04:44:48,661 [app.py:register_local_handler()] - Registering HTTP Endpoint: (POST) /printer/firmware_restart
2023-06-04 04:44:48,661 [websockets.py:register_api_handler()] - Registering Websocket JSON-RPC methods: printer.firmware_restart
2023-06-04 04:44:48,662 [server.py:load_component()] - Component (klippy_apis) loaded
2023-06-04 04:44:48,856 [server.py:load_component()] - Component (secrets) loaded
2023-06-04 04:44:48,867 [server.py:load_component()] - Component (template) loaded
2023-06-04 04:44:49,015 [server.py:add_log_rollover_item()] - 
System Info:

***python***
  version: sys.version_info(major=3, minor=9, micro=2, releaselevel='final', serial=0)
  version_string: 3.9.2 (default, Mar 12 2021, 04:06:34)  [GCC 10.2.1 20210110]

***cpu_info***
  cpu_count: 4
  bits: 32bit
  processor: aarch64
  cpu_desc: 
  serial_number: 10000000f7c169aa
  hardware_desc: BCM2835
  model: Raspberry Pi 4 Model B Rev 1.2
  total_memory: 3705536
  memory_units: kB

***sd_info***
  manufacturer_id: 27
  manufacturer: Unknown
  oem_id: 5048
  product_name: SD16G
  product_revision: 6.0
  serial_number: 01e26f96
  manufacturer_date: 8/2018
  capacity: 14.6 GiB
  total_bytes: 15665725440

***distribution***
  name: Raspbian GNU/Linux 11 (bullseye)
  id: raspbian
  version: 11
  version_parts: {'major': '11', 'minor': '', 'build_number': ''}
  like: debian
  codename: bullseye
  release_info: {'name': 'MainsailOS', 'version_id': '1.0.1', 'codename': 'bullseye', 'id': 'mainsailos'}

***virtualization***
  virt_type: none
  virt_identifier: none

***network***

***canbus***

***Allowed Services***
  klipper_mcu
  webcamd
  MoonCord
  KlipperScreen
  moonraker-telegram-bot
  moonraker-obico
  sonar
  crowsnest
  octoeverywhere
  ratos-configurator
2023-06-04 04:44:49,020 [server.py:load_component()] - Component (shell_command) loaded
2023-06-04 04:44:49,020 [machine.py:__init__()] - Using System Provider: systemd_dbus
2023-06-04 04:44:49,020 [app.py:register_local_handler()] - Registering HTTP Endpoint: (POST) /machine/reboot
2023-06-04 04:44:49,021 [websockets.py:register_api_handler()] - Registering Websocket JSON-RPC methods: machine.reboot
2023-06-04 04:44:49,021 [app.py:register_local_handler()] - Registering HTTP Endpoint: (POST) /machine/shutdown
2023-06-04 04:44:49,021 [websockets.py:register_api_handler()] - Registering Websocket JSON-RPC methods: machine.shutdown
2023-06-04 04:44:49,021 [app.py:register_local_handler()] - Registering HTTP Endpoint: (POST) /machine/services/restart
2023-06-04 04:44:49,022 [websockets.py:register_api_handler()] - Registering Websocket JSON-RPC methods: machine.services.restart
2023-06-04 04:44:49,022 [app.py:register_local_handler()] - Registering HTTP Endpoint: (POST) /machine/services/stop
2023-06-04 04:44:49,022 [websockets.py:register_api_handler()] - Registering Websocket JSON-RPC methods: machine.services.stop
2023-06-04 04:44:49,022 [app.py:register_local_handler()] - Registering HTTP Endpoint: (POST) /machine/services/start
2023-06-04 04:44:49,023 [websockets.py:register_api_handler()] - Registering Websocket JSON-RPC methods: machine.services.start
2023-06-04 04:44:49,023 [app.py:register_local_handler()] - Registering HTTP Endpoint: (GET) /machine/system_info
2023-06-04 04:44:49,024 [websockets.py:register_api_handler()] - Registering Websocket JSON-RPC methods: machine.system_info
2023-06-04 04:44:49,024 [app.py:register_local_handler()] - Registering HTTP Endpoint: (GET) /machine/sudo/info
2023-06-04 04:44:49,024 [websockets.py:register_api_handler()] - Registering Websocket JSON-RPC methods: machine.sudo.info
2023-06-04 04:44:49,025 [app.py:register_local_handler()] - Registering HTTP Endpoint: (POST) /machine/sudo/password
2023-06-04 04:44:49,025 [websockets.py:register_api_handler()] - Registering Websocket JSON-RPC methods: machine.sudo.password
2023-06-04 04:44:49,026 [server.py:load_component()] - Component (machine) loaded
2023-06-04 04:44:49,030 [app.py:register_local_handler()] - Registering HTTP Endpoint: (GET) /server/temperature_store
2023-06-04 04:44:49,031 [websockets.py:register_api_handler()] - Registering Websocket JSON-RPC methods: server.temperature_store
2023-06-04 04:44:49,031 [app.py:register_local_handler()] - Registering HTTP Endpoint: (GET) /server/gcode_store
2023-06-04 04:44:49,031 [websockets.py:register_api_handler()] - Registering Websocket JSON-RPC methods: server.gcode_store
2023-06-04 04:44:49,031 [server.py:load_component()] - Component (data_store) loaded
2023-06-04 04:44:49,035 [proc_stats.py:__init__()] - Detected 'vcgencmd', throttle checking enabled
2023-06-04 04:44:49,035 [app.py:register_local_handler()] - Registering HTTP Endpoint: (GET) /machine/proc_stats
2023-06-04 04:44:49,036 [websockets.py:register_api_handler()] - Registering Websocket JSON-RPC methods: machine.proc_stats
2023-06-04 04:44:49,036 [server.py:load_component()] - Component (proc_stats) loaded
2023-06-04 04:44:49,038 [server.py:load_component()] - Component (job_state) loaded
2023-06-04 04:44:49,041 [app.py:register_local_handler()] - Registering HTTP Endpoint: (POST DELETE) /server/job_queue/job
2023-06-04 04:44:49,042 [websockets.py:register_api_handler()] - Registering Websocket JSON-RPC methods: server.job_queue.post_job, server.job_queue.delete_job
2023-06-04 04:44:49,042 [app.py:register_local_handler()] - Registering HTTP Endpoint: (POST) /server/job_queue/pause
2023-06-04 04:44:49,043 [websockets.py:register_api_handler()] - Registering Websocket JSON-RPC methods: server.job_queue.pause
2023-06-04 04:44:49,043 [app.py:register_local_handler()] - Registering HTTP Endpoint: (POST) /server/job_queue/start
2023-06-04 04:44:49,043 [websockets.py:register_api_handler()] - Registering Websocket JSON-RPC methods: server.job_queue.start
2023-06-04 04:44:49,043 [app.py:register_local_handler()] - Registering HTTP Endpoint: (GET) /server/job_queue/status
2023-06-04 04:44:49,044 [websockets.py:register_api_handler()] - Registering Websocket JSON-RPC methods: server.job_queue.status
2023-06-04 04:44:49,044 [app.py:register_local_handler()] - Registering HTTP Endpoint: (POST) /server/job_queue/jump
2023-06-04 04:44:49,044 [websockets.py:register_api_handler()] - Registering Websocket JSON-RPC methods: server.job_queue.jump
2023-06-04 04:44:49,044 [server.py:load_component()] - Component (job_queue) loaded
2023-06-04 04:44:49,061 [server.py:load_component()] - Component (http_client) loaded
2023-06-04 04:44:49,065 [app.py:register_local_handler()] - Registering HTTP Endpoint: (GET) /server/announcements/list
2023-06-04 04:44:49,066 [websockets.py:register_api_handler()] - Registering Websocket JSON-RPC methods: server.announcements.list
2023-06-04 04:44:49,066 [app.py:register_local_handler()] - Registering HTTP Endpoint: (POST) /server/announcements/dismiss
2023-06-04 04:44:49,067 [websockets.py:register_api_handler()] - Registering Websocket JSON-RPC methods: server.announcements.dismiss
2023-06-04 04:44:49,067 [app.py:register_local_handler()] - Registering HTTP Endpoint: (POST) /server/announcements/update
2023-06-04 04:44:49,067 [websockets.py:register_api_handler()] - Registering Websocket JSON-RPC methods: server.announcements.update
2023-06-04 04:44:49,067 [app.py:register_local_handler()] - Registering HTTP Endpoint: (POST DELETE) /server/announcements/feed
2023-06-04 04:44:49,068 [websockets.py:register_api_handler()] - Registering Websocket JSON-RPC methods: server.announcements.post_feed, server.announcements.delete_feed
2023-06-04 04:44:49,068 [app.py:register_local_handler()] - Registering HTTP Endpoint: (GET) /server/announcements/feeds
2023-06-04 04:44:49,068 [websockets.py:register_api_handler()] - Registering Websocket JSON-RPC methods: server.announcements.feeds
2023-06-04 04:44:49,068 [server.py:load_component()] - Component (announcements) loaded
2023-06-04 04:44:49,078 [app.py:register_local_handler()] - Registering HTTP Endpoint: (GET) /server/webcams/list
2023-06-04 04:44:49,079 [websockets.py:register_api_handler()] - Registering Websocket JSON-RPC methods: server.webcams.list
2023-06-04 04:44:49,079 [app.py:register_local_handler()] - Registering HTTP Endpoint: (GET POST DELETE) /server/webcams/item
2023-06-04 04:44:49,079 [websockets.py:register_api_handler()] - Registering Websocket JSON-RPC methods: server.webcams.get_item, server.webcams.post_item, server.webcams.delete_item
2023-06-04 04:44:49,079 [app.py:register_local_handler()] - Registering HTTP Endpoint: (POST) /server/webcams/test
2023-06-04 04:44:49,080 [websockets.py:register_api_handler()] - Registering Websocket JSON-RPC methods: server.webcams.test
2023-06-04 04:44:49,080 [server.py:load_component()] - Component (webcam) loaded
2023-06-04 04:44:49,083 [websockets.py:register_api_handler()] - Registering Websocket JSON-RPC methods: connection.send_event
2023-06-04 04:44:49,083 [app.py:register_local_handler()] - Registering HTTP Endpoint: (GET) /server/extensions/list
2023-06-04 04:44:49,084 [websockets.py:register_api_handler()] - Registering Websocket JSON-RPC methods: server.extensions.list
2023-06-04 04:44:49,084 [app.py:register_local_handler()] - Registering HTTP Endpoint: (POST) /server/extensions/request
2023-06-04 04:44:49,084 [websockets.py:register_api_handler()] - Registering Websocket JSON-RPC methods: server.extensions.request
2023-06-04 04:44:49,084 [server.py:load_component()] - Component (extensions) loaded
2023-06-04 04:44:49,088 [app.py:register_local_handler()] - Registering HTTP Endpoint: (GET DELETE) /server/history/job
2023-06-04 04:44:49,088 [websockets.py:register_api_handler()] - Registering Websocket JSON-RPC methods: server.history.get_job, server.history.delete_job
2023-06-04 04:44:49,088 [app.py:register_local_handler()] - Registering HTTP Endpoint: (GET) /server/history/list
2023-06-04 04:44:49,089 [websockets.py:register_api_handler()] - Registering Websocket JSON-RPC methods: server.history.list
2023-06-04 04:44:49,089 [app.py:register_local_handler()] - Registering HTTP Endpoint: (GET) /server/history/totals
2023-06-04 04:44:49,089 [websockets.py:register_api_handler()] - Registering Websocket JSON-RPC methods: server.history.totals
2023-06-04 04:44:49,089 [app.py:register_local_handler()] - Registering HTTP Endpoint: (POST) /server/history/reset_totals
2023-06-04 04:44:49,090 [websockets.py:register_api_handler()] - Registering Websocket JSON-RPC methods: server.history.reset_totals
2023-06-04 04:44:49,092 [server.py:load_component()] - Component (history) loaded
2023-06-04 04:44:49,137 [base_deploy.py:log_info()] - Application moonraker: Detected virtualenv: /home/pi/moonraker-env
2023-06-04 04:44:49,140 [base_deploy.py:log_info()] - Application klipper: Detected virtualenv: /home/pi/klippy-env
2023-06-04 04:44:49,150 [app.py:register_local_handler()] - Registering HTTP Endpoint: (POST) /machine/update/moonraker
2023-06-04 04:44:49,151 [websockets.py:register_api_handler()] - Registering Websocket JSON-RPC methods: machine.update.moonraker
2023-06-04 04:44:49,151 [app.py:register_local_handler()] - Registering HTTP Endpoint: (POST) /machine/update/klipper
2023-06-04 04:44:49,151 [websockets.py:register_api_handler()] - Registering Websocket JSON-RPC methods: machine.update.klipper
2023-06-04 04:44:49,151 [app.py:register_local_handler()] - Registering HTTP Endpoint: (POST) /machine/update/system
2023-06-04 04:44:49,152 [websockets.py:register_api_handler()] - Registering Websocket JSON-RPC methods: machine.update.system
2023-06-04 04:44:49,152 [app.py:register_local_handler()] - Registering HTTP Endpoint: (POST) /machine/update/client
2023-06-04 04:44:49,152 [websockets.py:register_api_handler()] - Registering Websocket JSON-RPC methods: machine.update.client
2023-06-04 04:44:49,152 [app.py:register_local_handler()] - Registering HTTP Endpoint: (POST) /machine/update/full
2023-06-04 04:44:49,152 [websockets.py:register_api_handler()] - Registering Websocket JSON-RPC methods: machine.update.full
2023-06-04 04:44:49,153 [app.py:register_local_handler()] - Registering HTTP Endpoint: (GET) /machine/update/status
2023-06-04 04:44:49,153 [websockets.py:register_api_handler()] - Registering Websocket JSON-RPC methods: machine.update.status
2023-06-04 04:44:49,153 [app.py:register_local_handler()] - Registering HTTP Endpoint: (POST) /machine/update/refresh
2023-06-04 04:44:49,153 [websockets.py:register_api_handler()] - Registering Websocket JSON-RPC methods: machine.update.refresh
2023-06-04 04:44:49,153 [app.py:register_local_handler()] - Registering HTTP Endpoint: (POST) /machine/update/recover
2023-06-04 04:44:49,154 [websockets.py:register_api_handler()] - Registering Websocket JSON-RPC methods: machine.update.recover
2023-06-04 04:44:49,154 [server.py:load_component()] - Component (update_manager) loaded
2023-06-04 04:44:49,182 [authorization.py:__init__()] - Authorization Configuration Loaded
Trusted Clients:
10.0.0.0/8
127.0.0.0/8
169.254.0.0/16
172.16.0.0/12
192.168.0.0/16
fe80::/10
::1/128
CORS Domains:
https://my\.mainsail\.xyz
http://my\.mainsail\.xyz
http://.*\.local
http://.*\.lan
2023-06-04 04:44:49,183 [app.py:register_local_handler()] - Registering HTTP Endpoint: (POST) /access/login
2023-06-04 04:44:49,183 [websockets.py:register_api_handler()] - Registering Websocket JSON-RPC methods: access.login
2023-06-04 04:44:49,183 [app.py:register_local_handler()] - Registering HTTP Endpoint: (POST) /access/logout
2023-06-04 04:44:49,183 [websockets.py:register_api_handler()] - Registering Websocket JSON-RPC methods: access.logout
2023-06-04 04:44:49,184 [app.py:register_local_handler()] - Registering HTTP Endpoint: (POST) /access/refresh_jwt
2023-06-04 04:44:49,184 [websockets.py:register_api_handler()] - Registering Websocket JSON-RPC methods: access.refresh_jwt
2023-06-04 04:44:49,184 [app.py:register_local_handler()] - Registering HTTP Endpoint: (GET POST DELETE) /access/user
2023-06-04 04:44:49,184 [websockets.py:register_api_handler()] - Registering Websocket JSON-RPC methods: access.get_user, access.post_user, access.delete_user
2023-06-04 04:44:49,184 [app.py:register_local_handler()] - Registering HTTP Endpoint: (GET) /access/users/list
2023-06-04 04:44:49,185 [websockets.py:register_api_handler()] - Registering Websocket JSON-RPC methods: access.users.list
2023-06-04 04:44:49,185 [app.py:register_local_handler()] - Registering HTTP Endpoint: (POST) /access/user/password
2023-06-04 04:44:49,185 [websockets.py:register_api_handler()] - Registering Websocket JSON-RPC methods: access.user.password
2023-06-04 04:44:49,185 [app.py:register_local_handler()] - Registering HTTP Endpoint: (GET POST) /access/api_key
2023-06-04 04:44:49,185 [websockets.py:register_api_handler()] - Registering Websocket JSON-RPC methods: access.get_api_key, access.post_api_key
2023-06-04 04:44:49,186 [app.py:register_local_handler()] - Registering HTTP Endpoint: (GET) /access/oneshot_token
2023-06-04 04:44:49,186 [websockets.py:register_api_handler()] - Registering Websocket JSON-RPC methods: access.oneshot_token
2023-06-04 04:44:49,186 [app.py:register_local_handler()] - Registering HTTP Endpoint: (GET) /access/info
2023-06-04 04:44:49,186 [websockets.py:register_api_handler()] - Registering Websocket JSON-RPC methods: access.info
2023-06-04 04:44:49,186 [server.py:load_component()] - Component (authorization) loaded
2023-06-04 04:44:49,191 [app.py:register_local_handler()] - Registering HTTP Endpoint: (GET) /api/version
2023-06-04 04:44:49,192 [app.py:register_local_handler()] - Registering HTTP Endpoint: (GET) /api/server
2023-06-04 04:44:49,192 [app.py:register_local_handler()] - Registering HTTP Endpoint: (POST) /api/login
2023-06-04 04:44:49,192 [app.py:register_local_handler()] - Registering HTTP Endpoint: (GET) /api/currentuser
2023-06-04 04:44:49,193 [app.py:register_local_handler()] - Registering HTTP Endpoint: (GET) /api/settings
2023-06-04 04:44:49,193 [app.py:register_local_handler()] - Registering HTTP Endpoint: (GET) /api/job
2023-06-04 04:44:49,193 [app.py:register_local_handler()] - Registering HTTP Endpoint: (GET) /api/printer
2023-06-04 04:44:49,194 [app.py:register_local_handler()] - Registering HTTP Endpoint: (POST) /api/printer/command
2023-06-04 04:44:49,194 [app.py:register_local_handler()] - Registering HTTP Endpoint: (GET) /api/printerprofiles
2023-06-04 04:44:49,195 [app.py:register_local_handler()] - Registering HTTP Endpoint: (POST) /api/files/moonraker/(?P<relative_path>.+)
2023-06-04 04:44:49,195 [server.py:load_component()] - Component (octoprint_compat) loaded
2023-06-04 04:44:49,206 [server.py:_initialize_component()] - Performing Component Post Init: [dbus_manager]
2023-06-04 04:44:49,219 [server.py:_initialize_component()] - Performing Component Post Init: [file_manager]
2023-06-04 04:44:49,259 [server.py:_initialize_component()] - Performing Component Post Init: [machine]
2023-06-04 04:44:49,260 [machine.py:validation_init()] - Installation version in database up to date
2023-06-04 04:44:49,545 [machine.py:check_virt_status()] - No Virtualization Detected
2023-06-04 04:44:49,557 [machine.py:_find_public_ip()] - Detected Local IP: 192.168.1.100
2023-06-04 04:44:49,560 [webcam.py:_set_default_host_ip()] - Default public webcam address set: http://192.168.1.100
2023-06-04 04:44:49,647 [server.py:add_log_rollover_item()] - 
Systemd unit moonraker.service:
unit_name: moonraker.service
is_default: True
manager: systemd
Properties:
**Requires=['sysinit.target', 'system.slice', '-.mount', 'network-online.target']
**After=['systemd-journald.socket', 'sysinit.target', 'basic.target', 'system.slice', 'klipper.service', '-.mount', 'network-online.target']
**SupplementaryGroups=['moonraker-admin']
**EnvironmentFiles=/home/pi/printer_data/systemd/moonraker.env
**ExecStart=/home/pi/moonraker-env/bin/python $MOONRAKER_ARGS
**WorkingDirectory=/home/pi/moonraker
**FragmentPath=/etc/systemd/system/moonraker.service
**Description=API Server for Klipper SV1
**User=pi
2023-06-04 04:44:49,647 [server.py:_initialize_component()] - Performing Component Post Init: [proc_stats]
2023-06-04 04:44:49,647 [server.py:_initialize_component()] - Performing Component Post Init: [announcements]
2023-06-04 04:44:49,648 [server.py:_initialize_component()] - Performing Component Post Init: [webcam]
2023-06-04 04:44:49,649 [webcam.py:_set_default_host_ip()] - Default public webcam address set: http://192.168.1.100
2023-06-04 04:44:49,649 [server.py:_initialize_component()] - Performing Component Post Init: [klippy_connection]
2023-06-04 04:44:49,650 [server.py:add_log_rollover_item()] - 
Systemd unit klipper.service:
unit_name: klipper.service
is_default: True
manager: systemd
Properties:
**Requires=['-.mount', 'system.slice', 'sysinit.target']
**After=['system.slice', '-.mount', 'sysinit.target', 'basic.target', 'network-online.target', 'systemd-journald.socket']
**SupplementaryGroups=[]
**EnvironmentFiles=/home/pi/printer_data/systemd/klipper.env
**ExecStart=/home/pi/klippy-env/bin/python $KLIPPER_ARGS
**WorkingDirectory=/home/pi/klipper
**FragmentPath=/etc/systemd/system/klipper.service
**Description=Klipper 3D Printer Firmware SV1
**User=pi
2023-06-04 04:44:49,650 [server.py:_initialize_component()] - Performing Component Post Init: [update_manager]
2023-06-04 04:44:49,651 [server.py:_initialize_component()] - Performing Component Post Init: [authorization]
2023-06-04 04:45:15,950 [update_manager.py:initialize()] - PackageDeploy: Using PackageKit Provider
2023-06-04 04:45:15,951 [update_manager.py:initialize()] - 
Initializing Client Updater: 'mainsail',
Channel: stable
path: /home/pi/mainsail
2023-06-04 04:45:15,954 [extensions.py:start_unix_server()] - Creating Unix Domain Socket at '/home/pi/printer_data/comms/moonraker.sock'
2023-06-04 04:45:15,955 [server.py:start_server()] - Starting Moonraker on (0.0.0.0, 7125), Hostname: MK3S
2023-06-04 04:45:15,956 [app.py:listen()] - SSL Certificate/Key not configured, aborting HTTPS Server startup
2023-06-04 04:45:50,566 [authorization.py:_check_trusted_connection()] - Trusted Connection Detected, IP: 192.168.1.3
2023-06-04 04:45:50,569 [app.py:log_request()] - 101 GET /websocket (192.168.1.3) [_TRUSTED_USER_] 7.60ms
2023-06-04 04:45:50,570 [websockets.py:open()] - Websocket Opened: ID: 3912392464, Proxied: True, User Agent: Mozilla/5.0 (Windows NT 10.0; Win64; x64) AppleWebKit/537.36 (KHTML, like Gecko) Chrome/113.0.0.0 Safari/537.36, Host Name: 192.168.1.100
2023-06-04 04:45:50,581 [websockets.py:_handle_identify()] - Websocket 3912392464 Client Identified - Name: mainsail, Version: 2.5.1, Type: web
2023-06-04 04:52:16,362 [websockets.py:on_close()] - Websocket Closed: ID: 3912392464 Close Code: 1001, Close Reason: None, Pong Time Elapsed: 5.79
2023-06-04 04:53:56,539 [app.py:log_request()] - 101 GET /websocket (192.168.1.3) [_TRUSTED_USER_] 3.09ms
2023-06-04 04:53:56,539 [websockets.py:open()] - Websocket Opened: ID: 3903224368, Proxied: True, User Agent: Mozilla/5.0 (Windows NT 10.0; Win64; x64) AppleWebKit/537.36 (KHTML, like Gecko) Chrome/113.0.0.0 Safari/537.36, Host Name: 192.168.1.100
2023-06-04 04:53:56,544 [websockets.py:_handle_identify()] - Websocket 3903224368 Client Identified - Name: mainsail, Version: 2.5.1, Type: web
2023-06-04 04:59:07,577 [server.py:_handle_term_signal()] - Exiting with signal SIGTERM
2023-06-04 04:59:07,686 [websockets.py:on_close()] - Websocket Closed: ID: 3903224368 Close Code: 1001, Close Reason: Server Shutdown, Pong Time Elapsed: 1.14
2023-06-04 04:59:07,993 [database.py:close()] - Database statistics:

announcements:
psize: 4096
depth: 0
branch_pages: 0
leaf_pages: 0
overflow_pages: 0
entries: 0
authorized_users:
psize: 4096
depth: 1
branch_pages: 0
leaf_pages: 1
overflow_pages: 0
entries: 1
gcode_metadata:
psize: 4096
depth: 1
branch_pages: 0
leaf_pages: 1
overflow_pages: 0
entries: 2
history:
psize: 4096
depth: 2
branch_pages: 1
leaf_pages: 107
overflow_pages: 0
entries: 243
mainsail:
psize: 4096
depth: 2
branch_pages: 1
leaf_pages: 2
overflow_pages: 0
entries: 12
moonraker:
psize: 4096
depth: 1
branch_pages: 0
leaf_pages: 1
overflow_pages: 0
entries: 7
update_manager:
psize: 4096
depth: 2
branch_pages: 1
leaf_pages: 2
overflow_pages: 0
entries: 7
2023-06-04 04:59:07,997 [server.py:main()] - Server Shutdown
-------------------- Log Start | Sun Jun  4 11:59:32 2023 --------------------
data_path: /home/pi/printer_data
is_default_data_path: False
config_file: /home/pi/printer_data/config/moonraker.conf
startup_warnings: []
verbose: False
debug: False
asyncio_debug: False
is_backup_config: False
is_python_package: False
software_version: v0.8.0-46-gd623163
git_branch: master
git_remote: origin
git_repo_url: https://github.com/Arksine/moonraker.git
modified_files: []
unofficial_components: []
log_file: /home/pi/printer_data/logs/moonraker.log
python_version: 3.9.2 (default, Mar 12 2021, 04:06:34)  [GCC 10.2.1 20210110]
2023-06-04 04:59:32,650 [confighelper.py:read_file()] - Configuration File '/home/pi/printer_data/config/moonraker.conf' parsed, total size: 2168 B
2023-06-04 04:59:32,650 [server.py:add_log_rollover_item()] - 
#################### Moonraker Configuration ####################

[server]
host = 0.0.0.0
port = 7125
max_upload_size = 1024
klippy_uds_address = ~/printer_data/comms/klippy.sock

[file_manager]
enable_object_processing = True

[authorization]
cors_domains = 
	https://my.mainsail.xyz
	http://my.mainsail.xyz
	http://*.local
	http://*.lan
trusted_clients = 
	10.0.0.0/8
	127.0.0.0/8
	169.254.0.0/16
	172.16.0.0/12
	192.168.0.0/16
	FE80::/10
	::1/128

[octoprint_compat]

[history]

[announcements]
subscriptions = 
	mainsail

[update_manager]
refresh_interval = 168
enable_auto_refresh = True

[update_manager mainsail]
type = web
channel = stable
repo = mainsail-crew/mainsail
path = ~/mainsail

[update_manager mainsail-config]
type = git_repo
primary_branch = master
path = ~/mainsail-config
origin = https://github.com/mainsail-crew/mainsail-config.git
managed_services = klipper

[update_manager crowsnest]
type = git_repo
path = ~/crowsnest
origin = https://github.com/mainsail-crew/crowsnest.git
managed_services = crowsnest
install_script = tools/install.sh

[update_manager sonar]
type = git_repo
path = ~/sonar
origin = https://github.com/mainsail-crew/sonar.git
primary_branch = main
managed_services = sonar
install_script = tools/install.sh

#################################################################
All Configuration Files:
/home/pi/printer_data/config/moonraker.conf
#################################################################
2023-06-04 04:59:32,687 [app.py:register_local_handler()] - Registering HTTP Endpoint: (POST) /server/logs/rollover
2023-06-04 04:59:32,687 [websockets.py:register_api_handler()] - Registering Websocket JSON-RPC methods: server.logs.rollover
2023-06-04 04:59:32,687 [app.py:register_local_handler()] - Registering HTTP Endpoint: (GET) /server/info
2023-06-04 04:59:32,688 [websockets.py:register_api_handler()] - Registering Websocket JSON-RPC methods: server.info
2023-06-04 04:59:32,688 [app.py:register_local_handler()] - Registering HTTP Endpoint: (GET) /server/config
2023-06-04 04:59:32,688 [websockets.py:register_api_handler()] - Registering Websocket JSON-RPC methods: server.config
2023-06-04 04:59:32,688 [app.py:register_local_handler()] - Registering HTTP Endpoint: (POST) /server/restart
2023-06-04 04:59:32,689 [websockets.py:register_api_handler()] - Registering Websocket JSON-RPC methods: server.restart
2023-06-04 04:59:32,776 [server.py:load_component()] - Component (dbus_manager) loaded
2023-06-04 04:59:32,833 [server.py:add_log_rollover_item()] - Unsafe Shutdown Count: 2
2023-06-04 04:59:32,897 [app.py:register_local_handler()] - Registering HTTP Endpoint: (GET) /server/database/list
2023-06-04 04:59:32,898 [websockets.py:register_api_handler()] - Registering Websocket JSON-RPC methods: server.database.list
2023-06-04 04:59:32,898 [app.py:register_local_handler()] - Registering HTTP Endpoint: (GET POST DELETE) /server/database/item
2023-06-04 04:59:32,898 [websockets.py:register_api_handler()] - Registering Websocket JSON-RPC methods: server.database.get_item, server.database.post_item, server.database.delete_item
2023-06-04 04:59:32,899 [server.py:load_component()] - Component (database) loaded
2023-06-04 04:59:32,928 [file_manager.py:__init__()] - Using File System Observer: inotify
2023-06-04 04:59:32,958 [app.py:register_local_handler()] - Registering HTTP Endpoint: (GET) /server/files/list
2023-06-04 04:59:32,959 [websockets.py:register_api_handler()] - Registering Websocket JSON-RPC methods: server.files.list
2023-06-04 04:59:32,959 [app.py:register_local_handler()] - Registering HTTP Endpoint: (GET) /server/files/metadata
2023-06-04 04:59:32,959 [websockets.py:register_api_handler()] - Registering Websocket JSON-RPC methods: server.files.metadata
2023-06-04 04:59:32,959 [app.py:register_local_handler()] - Registering HTTP Endpoint: (POST) /server/files/metascan
2023-06-04 04:59:32,959 [websockets.py:register_api_handler()] - Registering Websocket JSON-RPC methods: server.files.metascan
2023-06-04 04:59:32,960 [app.py:register_local_handler()] - Registering HTTP Endpoint: (GET) /server/files/thumbnails
2023-06-04 04:59:32,960 [websockets.py:register_api_handler()] - Registering Websocket JSON-RPC methods: server.files.thumbnails
2023-06-04 04:59:32,960 [app.py:register_local_handler()] - Registering HTTP Endpoint: (GET) /server/files/roots
2023-06-04 04:59:32,960 [websockets.py:register_api_handler()] - Registering Websocket JSON-RPC methods: server.files.roots
2023-06-04 04:59:32,960 [app.py:register_local_handler()] - Registering HTTP Endpoint: (GET POST DELETE) /server/files/directory
2023-06-04 04:59:32,961 [websockets.py:register_api_handler()] - Registering Websocket JSON-RPC methods: server.files.get_directory, server.files.post_directory, server.files.delete_directory
2023-06-04 04:59:32,961 [app.py:register_local_handler()] - Registering HTTP Endpoint: (POST) /server/files/move
2023-06-04 04:59:32,961 [websockets.py:register_api_handler()] - Registering Websocket JSON-RPC methods: server.files.move
2023-06-04 04:59:32,961 [app.py:register_local_handler()] - Registering HTTP Endpoint: (POST) /server/files/copy
2023-06-04 04:59:32,962 [websockets.py:register_api_handler()] - Registering Websocket JSON-RPC methods: server.files.copy
2023-06-04 04:59:32,962 [app.py:register_local_handler()] - Registering HTTP Endpoint: (POST) /server/files/zip
2023-06-04 04:59:32,962 [websockets.py:register_api_handler()] - Registering Websocket JSON-RPC methods: server.files.zip
2023-06-04 04:59:32,962 [websockets.py:register_api_handler()] - Registering Websocket JSON-RPC methods: server.files.delete_file
2023-06-04 04:59:32,971 [server.py:load_component()] - Component (file_manager) loaded
2023-06-04 04:59:32,974 [app.py:register_local_handler()] - Registering HTTP Endpoint: (POST) /printer/print/pause
2023-06-04 04:59:32,975 [websockets.py:register_api_handler()] - Registering Websocket JSON-RPC methods: printer.print.pause
2023-06-04 04:59:32,975 [app.py:register_local_handler()] - Registering HTTP Endpoint: (POST) /printer/print/resume
2023-06-04 04:59:32,975 [websockets.py:register_api_handler()] - Registering Websocket JSON-RPC methods: printer.print.resume
2023-06-04 04:59:32,975 [app.py:register_local_handler()] - Registering HTTP Endpoint: (POST) /printer/print/cancel
2023-06-04 04:59:32,975 [websockets.py:register_api_handler()] - Registering Websocket JSON-RPC methods: printer.print.cancel
2023-06-04 04:59:32,976 [app.py:register_local_handler()] - Registering HTTP Endpoint: (POST) /printer/print/start
2023-06-04 04:59:32,976 [websockets.py:register_api_handler()] - Registering Websocket JSON-RPC methods: printer.print.start
2023-06-04 04:59:32,976 [app.py:register_local_handler()] - Registering HTTP Endpoint: (POST) /printer/restart
2023-06-04 04:59:32,976 [websockets.py:register_api_handler()] - Registering Websocket JSON-RPC methods: printer.restart
2023-06-04 04:59:32,976 [app.py:register_local_handler()] - Registering HTTP Endpoint: (POST) /printer/firmware_restart
2023-06-04 04:59:32,977 [websockets.py:register_api_handler()] - Registering Websocket JSON-RPC methods: printer.firmware_restart
2023-06-04 04:59:32,977 [server.py:load_component()] - Component (klippy_apis) loaded
2023-06-04 04:59:33,172 [server.py:load_component()] - Component (secrets) loaded
2023-06-04 04:59:33,183 [server.py:load_component()] - Component (template) loaded
2023-06-04 04:59:33,287 [server.py:add_log_rollover_item()] - 
System Info:

***python***
  version: sys.version_info(major=3, minor=9, micro=2, releaselevel='final', serial=0)
  version_string: 3.9.2 (default, Mar 12 2021, 04:06:34)  [GCC 10.2.1 20210110]

***cpu_info***
  cpu_count: 4
  bits: 32bit
  processor: aarch64
  cpu_desc: 
  serial_number: 10000000f7c169aa
  hardware_desc: BCM2835
  model: Raspberry Pi 4 Model B Rev 1.2
  total_memory: 3705536
  memory_units: kB

***sd_info***
  manufacturer_id: 27
  manufacturer: Unknown
  oem_id: 5048
  product_name: SD16G
  product_revision: 6.0
  serial_number: 01e26f96
  manufacturer_date: 8/2018
  capacity: 14.6 GiB
  total_bytes: 15665725440

***distribution***
  name: Raspbian GNU/Linux 11 (bullseye)
  id: raspbian
  version: 11
  version_parts: {'major': '11', 'minor': '', 'build_number': ''}
  like: debian
  codename: bullseye
  release_info: {'name': 'MainsailOS', 'version_id': '1.0.1', 'codename': 'bullseye', 'id': 'mainsailos'}

***virtualization***
  virt_type: none
  virt_identifier: none

***network***

***canbus***

***Allowed Services***
  klipper_mcu
  webcamd
  MoonCord
  KlipperScreen
  moonraker-telegram-bot
  moonraker-obico
  sonar
  crowsnest
  octoeverywhere
  ratos-configurator
2023-06-04 04:59:33,291 [server.py:load_component()] - Component (shell_command) loaded
2023-06-04 04:59:33,291 [machine.py:__init__()] - Using System Provider: systemd_dbus
2023-06-04 04:59:33,292 [app.py:register_local_handler()] - Registering HTTP Endpoint: (POST) /machine/reboot
2023-06-04 04:59:33,293 [websockets.py:register_api_handler()] - Registering Websocket JSON-RPC methods: machine.reboot
2023-06-04 04:59:33,293 [app.py:register_local_handler()] - Registering HTTP Endpoint: (POST) /machine/shutdown
2023-06-04 04:59:33,293 [websockets.py:register_api_handler()] - Registering Websocket JSON-RPC methods: machine.shutdown
2023-06-04 04:59:33,293 [app.py:register_local_handler()] - Registering HTTP Endpoint: (POST) /machine/services/restart
2023-06-04 04:59:33,294 [websockets.py:register_api_handler()] - Registering Websocket JSON-RPC methods: machine.services.restart
2023-06-04 04:59:33,294 [app.py:register_local_handler()] - Registering HTTP Endpoint: (POST) /machine/services/stop
2023-06-04 04:59:33,294 [websockets.py:register_api_handler()] - Registering Websocket JSON-RPC methods: machine.services.stop
2023-06-04 04:59:33,294 [app.py:register_local_handler()] - Registering HTTP Endpoint: (POST) /machine/services/start
2023-06-04 04:59:33,295 [websockets.py:register_api_handler()] - Registering Websocket JSON-RPC methods: machine.services.start
2023-06-04 04:59:33,295 [app.py:register_local_handler()] - Registering HTTP Endpoint: (GET) /machine/system_info
2023-06-04 04:59:33,296 [websockets.py:register_api_handler()] - Registering Websocket JSON-RPC methods: machine.system_info
2023-06-04 04:59:33,296 [app.py:register_local_handler()] - Registering HTTP Endpoint: (GET) /machine/sudo/info
2023-06-04 04:59:33,296 [websockets.py:register_api_handler()] - Registering Websocket JSON-RPC methods: machine.sudo.info
2023-06-04 04:59:33,297 [app.py:register_local_handler()] - Registering HTTP Endpoint: (POST) /machine/sudo/password
2023-06-04 04:59:33,297 [websockets.py:register_api_handler()] - Registering Websocket JSON-RPC methods: machine.sudo.password
2023-06-04 04:59:33,298 [server.py:load_component()] - Component (machine) loaded
2023-06-04 04:59:33,302 [app.py:register_local_handler()] - Registering HTTP Endpoint: (GET) /server/temperature_store
2023-06-04 04:59:33,302 [websockets.py:register_api_handler()] - Registering Websocket JSON-RPC methods: server.temperature_store
2023-06-04 04:59:33,303 [app.py:register_local_handler()] - Registering HTTP Endpoint: (GET) /server/gcode_store
2023-06-04 04:59:33,303 [websockets.py:register_api_handler()] - Registering Websocket JSON-RPC methods: server.gcode_store
2023-06-04 04:59:33,303 [server.py:load_component()] - Component (data_store) loaded
2023-06-04 04:59:33,306 [proc_stats.py:__init__()] - Detected 'vcgencmd', throttle checking enabled
2023-06-04 04:59:33,307 [app.py:register_local_handler()] - Registering HTTP Endpoint: (GET) /machine/proc_stats
2023-06-04 04:59:33,307 [websockets.py:register_api_handler()] - Registering Websocket JSON-RPC methods: machine.proc_stats
2023-06-04 04:59:33,307 [server.py:load_component()] - Component (proc_stats) loaded
2023-06-04 04:59:33,310 [server.py:load_component()] - Component (job_state) loaded
2023-06-04 04:59:33,313 [app.py:register_local_handler()] - Registering HTTP Endpoint: (POST DELETE) /server/job_queue/job
2023-06-04 04:59:33,314 [websockets.py:register_api_handler()] - Registering Websocket JSON-RPC methods: server.job_queue.post_job, server.job_queue.delete_job
2023-06-04 04:59:33,314 [app.py:register_local_handler()] - Registering HTTP Endpoint: (POST) /server/job_queue/pause
2023-06-04 04:59:33,314 [websockets.py:register_api_handler()] - Registering Websocket JSON-RPC methods: server.job_queue.pause
2023-06-04 04:59:33,314 [app.py:register_local_handler()] - Registering HTTP Endpoint: (POST) /server/job_queue/start
2023-06-04 04:59:33,314 [websockets.py:register_api_handler()] - Registering Websocket JSON-RPC methods: server.job_queue.start
2023-06-04 04:59:33,315 [app.py:register_local_handler()] - Registering HTTP Endpoint: (GET) /server/job_queue/status
2023-06-04 04:59:33,315 [websockets.py:register_api_handler()] - Registering Websocket JSON-RPC methods: server.job_queue.status
2023-06-04 04:59:33,315 [app.py:register_local_handler()] - Registering HTTP Endpoint: (POST) /server/job_queue/jump
2023-06-04 04:59:33,315 [websockets.py:register_api_handler()] - Registering Websocket JSON-RPC methods: server.job_queue.jump
2023-06-04 04:59:33,316 [server.py:load_component()] - Component (job_queue) loaded
2023-06-04 04:59:33,332 [server.py:load_component()] - Component (http_client) loaded
2023-06-04 04:59:33,336 [app.py:register_local_handler()] - Registering HTTP Endpoint: (GET) /server/announcements/list
2023-06-04 04:59:33,337 [websockets.py:register_api_handler()] - Registering Websocket JSON-RPC methods: server.announcements.list
2023-06-04 04:59:33,337 [app.py:register_local_handler()] - Registering HTTP Endpoint: (POST) /server/announcements/dismiss
2023-06-04 04:59:33,337 [websockets.py:register_api_handler()] - Registering Websocket JSON-RPC methods: server.announcements.dismiss
2023-06-04 04:59:33,337 [app.py:register_local_handler()] - Registering HTTP Endpoint: (POST) /server/announcements/update
2023-06-04 04:59:33,338 [websockets.py:register_api_handler()] - Registering Websocket JSON-RPC methods: server.announcements.update
2023-06-04 04:59:33,338 [app.py:register_local_handler()] - Registering HTTP Endpoint: (POST DELETE) /server/announcements/feed
2023-06-04 04:59:33,338 [websockets.py:register_api_handler()] - Registering Websocket JSON-RPC methods: server.announcements.post_feed, server.announcements.delete_feed
2023-06-04 04:59:33,338 [app.py:register_local_handler()] - Registering HTTP Endpoint: (GET) /server/announcements/feeds
2023-06-04 04:59:33,339 [websockets.py:register_api_handler()] - Registering Websocket JSON-RPC methods: server.announcements.feeds
2023-06-04 04:59:33,339 [server.py:load_component()] - Component (announcements) loaded
2023-06-04 04:59:33,349 [app.py:register_local_handler()] - Registering HTTP Endpoint: (GET) /server/webcams/list
2023-06-04 04:59:33,349 [websockets.py:register_api_handler()] - Registering Websocket JSON-RPC methods: server.webcams.list
2023-06-04 04:59:33,349 [app.py:register_local_handler()] - Registering HTTP Endpoint: (GET POST DELETE) /server/webcams/item
2023-06-04 04:59:33,350 [websockets.py:register_api_handler()] - Registering Websocket JSON-RPC methods: server.webcams.get_item, server.webcams.post_item, server.webcams.delete_item
2023-06-04 04:59:33,350 [app.py:register_local_handler()] - Registering HTTP Endpoint: (POST) /server/webcams/test
2023-06-04 04:59:33,350 [websockets.py:register_api_handler()] - Registering Websocket JSON-RPC methods: server.webcams.test
2023-06-04 04:59:33,350 [server.py:load_component()] - Component (webcam) loaded
2023-06-04 04:59:33,353 [websockets.py:register_api_handler()] - Registering Websocket JSON-RPC methods: connection.send_event
2023-06-04 04:59:33,354 [app.py:register_local_handler()] - Registering HTTP Endpoint: (GET) /server/extensions/list
2023-06-04 04:59:33,354 [websockets.py:register_api_handler()] - Registering Websocket JSON-RPC methods: server.extensions.list
2023-06-04 04:59:33,354 [app.py:register_local_handler()] - Registering HTTP Endpoint: (POST) /server/extensions/request
2023-06-04 04:59:33,355 [websockets.py:register_api_handler()] - Registering Websocket JSON-RPC methods: server.extensions.request
2023-06-04 04:59:33,355 [server.py:load_component()] - Component (extensions) loaded
2023-06-04 04:59:33,358 [app.py:register_local_handler()] - Registering HTTP Endpoint: (GET) /api/version
2023-06-04 04:59:33,359 [app.py:register_local_handler()] - Registering HTTP Endpoint: (GET) /api/server
2023-06-04 04:59:33,359 [app.py:register_local_handler()] - Registering HTTP Endpoint: (POST) /api/login
2023-06-04 04:59:33,359 [app.py:register_local_handler()] - Registering HTTP Endpoint: (GET) /api/currentuser
2023-06-04 04:59:33,360 [app.py:register_local_handler()] - Registering HTTP Endpoint: (GET) /api/settings
2023-06-04 04:59:33,360 [app.py:register_local_handler()] - Registering HTTP Endpoint: (GET) /api/job
2023-06-04 04:59:33,360 [app.py:register_local_handler()] - Registering HTTP Endpoint: (GET) /api/printer
2023-06-04 04:59:33,361 [app.py:register_local_handler()] - Registering HTTP Endpoint: (POST) /api/printer/command
2023-06-04 04:59:33,361 [app.py:register_local_handler()] - Registering HTTP Endpoint: (GET) /api/printerprofiles
2023-06-04 04:59:33,361 [app.py:register_local_handler()] - Registering HTTP Endpoint: (POST) /api/files/moonraker/(?P<relative_path>.+)
2023-06-04 04:59:33,362 [server.py:load_component()] - Component (octoprint_compat) loaded
2023-06-04 04:59:33,408 [base_deploy.py:log_info()] - Application moonraker: Detected virtualenv: /home/pi/moonraker-env
2023-06-04 04:59:33,411 [base_deploy.py:log_info()] - Application klipper: Detected virtualenv: /home/pi/klippy-env
2023-06-04 04:59:33,421 [app.py:register_local_handler()] - Registering HTTP Endpoint: (POST) /machine/update/moonraker
2023-06-04 04:59:33,422 [websockets.py:register_api_handler()] - Registering Websocket JSON-RPC methods: machine.update.moonraker
2023-06-04 04:59:33,422 [app.py:register_local_handler()] - Registering HTTP Endpoint: (POST) /machine/update/klipper
2023-06-04 04:59:33,422 [websockets.py:register_api_handler()] - Registering Websocket JSON-RPC methods: machine.update.klipper
2023-06-04 04:59:33,422 [app.py:register_local_handler()] - Registering HTTP Endpoint: (POST) /machine/update/system
2023-06-04 04:59:33,423 [websockets.py:register_api_handler()] - Registering Websocket JSON-RPC methods: machine.update.system
2023-06-04 04:59:33,423 [app.py:register_local_handler()] - Registering HTTP Endpoint: (POST) /machine/update/client
2023-06-04 04:59:33,423 [websockets.py:register_api_handler()] - Registering Websocket JSON-RPC methods: machine.update.client
2023-06-04 04:59:33,423 [app.py:register_local_handler()] - Registering HTTP Endpoint: (POST) /machine/update/full
2023-06-04 04:59:33,424 [websockets.py:register_api_handler()] - Registering Websocket JSON-RPC methods: machine.update.full
2023-06-04 04:59:33,424 [app.py:register_local_handler()] - Registering HTTP Endpoint: (GET) /machine/update/status
2023-06-04 04:59:33,424 [websockets.py:register_api_handler()] - Registering Websocket JSON-RPC methods: machine.update.status
2023-06-04 04:59:33,424 [app.py:register_local_handler()] - Registering HTTP Endpoint: (POST) /machine/update/refresh
2023-06-04 04:59:33,424 [websockets.py:register_api_handler()] - Registering Websocket JSON-RPC methods: machine.update.refresh
2023-06-04 04:59:33,425 [app.py:register_local_handler()] - Registering HTTP Endpoint: (POST) /machine/update/recover
2023-06-04 04:59:33,425 [websockets.py:register_api_handler()] - Registering Websocket JSON-RPC methods: machine.update.recover
2023-06-04 04:59:33,425 [server.py:load_component()] - Component (update_manager) loaded
2023-06-04 04:59:33,454 [authorization.py:__init__()] - Authorization Configuration Loaded
Trusted Clients:
10.0.0.0/8
127.0.0.0/8
169.254.0.0/16
172.16.0.0/12
192.168.0.0/16
fe80::/10
::1/128
CORS Domains:
https://my\.mainsail\.xyz
http://my\.mainsail\.xyz
http://.*\.local
http://.*\.lan
2023-06-04 04:59:33,454 [app.py:register_local_handler()] - Registering HTTP Endpoint: (POST) /access/login
2023-06-04 04:59:33,454 [websockets.py:register_api_handler()] - Registering Websocket JSON-RPC methods: access.login
2023-06-04 04:59:33,454 [app.py:register_local_handler()] - Registering HTTP Endpoint: (POST) /access/logout
2023-06-04 04:59:33,455 [websockets.py:register_api_handler()] - Registering Websocket JSON-RPC methods: access.logout
2023-06-04 04:59:33,455 [app.py:register_local_handler()] - Registering HTTP Endpoint: (POST) /access/refresh_jwt
2023-06-04 04:59:33,455 [websockets.py:register_api_handler()] - Registering Websocket JSON-RPC methods: access.refresh_jwt
2023-06-04 04:59:33,455 [app.py:register_local_handler()] - Registering HTTP Endpoint: (GET POST DELETE) /access/user
2023-06-04 04:59:33,456 [websockets.py:register_api_handler()] - Registering Websocket JSON-RPC methods: access.get_user, access.post_user, access.delete_user
2023-06-04 04:59:33,456 [app.py:register_local_handler()] - Registering HTTP Endpoint: (GET) /access/users/list
2023-06-04 04:59:33,456 [websockets.py:register_api_handler()] - Registering Websocket JSON-RPC methods: access.users.list
2023-06-04 04:59:33,456 [app.py:register_local_handler()] - Registering HTTP Endpoint: (POST) /access/user/password
2023-06-04 04:59:33,456 [websockets.py:register_api_handler()] - Registering Websocket JSON-RPC methods: access.user.password
2023-06-04 04:59:33,456 [app.py:register_local_handler()] - Registering HTTP Endpoint: (GET POST) /access/api_key
2023-06-04 04:59:33,457 [websockets.py:register_api_handler()] - Registering Websocket JSON-RPC methods: access.get_api_key, access.post_api_key
2023-06-04 04:59:33,457 [app.py:register_local_handler()] - Registering HTTP Endpoint: (GET) /access/oneshot_token
2023-06-04 04:59:33,457 [websockets.py:register_api_handler()] - Registering Websocket JSON-RPC methods: access.oneshot_token
2023-06-04 04:59:33,457 [app.py:register_local_handler()] - Registering HTTP Endpoint: (GET) /access/info
2023-06-04 04:59:33,457 [websockets.py:register_api_handler()] - Registering Websocket JSON-RPC methods: access.info
2023-06-04 04:59:33,458 [server.py:load_component()] - Component (authorization) loaded
2023-06-04 04:59:33,461 [app.py:register_local_handler()] - Registering HTTP Endpoint: (GET DELETE) /server/history/job
2023-06-04 04:59:33,462 [websockets.py:register_api_handler()] - Registering Websocket JSON-RPC methods: server.history.get_job, server.history.delete_job
2023-06-04 04:59:33,462 [app.py:register_local_handler()] - Registering HTTP Endpoint: (GET) /server/history/list
2023-06-04 04:59:33,463 [websockets.py:register_api_handler()] - Registering Websocket JSON-RPC methods: server.history.list
2023-06-04 04:59:33,463 [app.py:register_local_handler()] - Registering HTTP Endpoint: (GET) /server/history/totals
2023-06-04 04:59:33,463 [websockets.py:register_api_handler()] - Registering Websocket JSON-RPC methods: server.history.totals
2023-06-04 04:59:33,464 [app.py:register_local_handler()] - Registering HTTP Endpoint: (POST) /server/history/reset_totals
2023-06-04 04:59:33,464 [websockets.py:register_api_handler()] - Registering Websocket JSON-RPC methods: server.history.reset_totals
2023-06-04 04:59:33,467 [server.py:load_component()] - Component (history) loaded
2023-06-04 04:59:33,478 [server.py:_initialize_component()] - Performing Component Post Init: [dbus_manager]
2023-06-04 04:59:33,490 [server.py:_initialize_component()] - Performing Component Post Init: [file_manager]
2023-06-04 04:59:33,530 [server.py:_initialize_component()] - Performing Component Post Init: [machine]
2023-06-04 04:59:33,530 [machine.py:validation_init()] - Installation version in database up to date
2023-06-04 04:59:33,813 [machine.py:check_virt_status()] - No Virtualization Detected
2023-06-04 04:59:33,826 [machine.py:_find_public_ip()] - Detected Local IP: 192.168.1.100
2023-06-04 04:59:33,829 [webcam.py:_set_default_host_ip()] - Default public webcam address set: http://192.168.1.100
2023-06-04 04:59:33,939 [server.py:add_log_rollover_item()] - 
Systemd unit moonraker.service:
unit_name: moonraker.service
is_default: True
manager: systemd
Properties:
**Requires=['sysinit.target', 'system.slice', '-.mount', 'network-online.target']
**After=['basic.target', 'sysinit.target', 'systemd-journald.socket', 'klipper.service', 'system.slice', '-.mount', 'network-online.target']
**SupplementaryGroups=['moonraker-admin']
**EnvironmentFiles=/home/pi/printer_data/systemd/moonraker.env
**ExecStart=/home/pi/moonraker-env/bin/python $MOONRAKER_ARGS
**WorkingDirectory=/home/pi/moonraker
**FragmentPath=/etc/systemd/system/moonraker.service
**Description=API Server for Klipper SV1
**User=pi
2023-06-04 04:59:33,939 [server.py:_initialize_component()] - Performing Component Post Init: [proc_stats]
2023-06-04 04:59:33,939 [server.py:_initialize_component()] - Performing Component Post Init: [announcements]
2023-06-04 04:59:33,941 [server.py:_initialize_component()] - Performing Component Post Init: [webcam]
2023-06-04 04:59:33,941 [webcam.py:_set_default_host_ip()] - Default public webcam address set: http://192.168.1.100
2023-06-04 04:59:33,942 [server.py:_initialize_component()] - Performing Component Post Init: [klippy_connection]
2023-06-04 04:59:33,942 [server.py:add_log_rollover_item()] - 
Systemd unit klipper.service:
unit_name: klipper.service
is_default: True
manager: systemd
Properties:
**Requires=['-.mount', 'system.slice', 'sysinit.target']
**After=['system.slice', '-.mount', 'sysinit.target', 'basic.target', 'network-online.target', 'systemd-journald.socket']
**SupplementaryGroups=[]
**EnvironmentFiles=/home/pi/printer_data/systemd/klipper.env
**ExecStart=/home/pi/klippy-env/bin/python $KLIPPER_ARGS
**WorkingDirectory=/home/pi/klipper
**FragmentPath=/etc/systemd/system/klipper.service
**Description=Klipper 3D Printer Firmware SV1
**User=pi
2023-06-04 04:59:33,942 [server.py:_initialize_component()] - Performing Component Post Init: [update_manager]
2023-06-04 04:59:33,945 [server.py:_initialize_component()] - Performing Component Post Init: [authorization]
2023-06-04 04:59:34,914 [update_manager.py:initialize()] - PackageDeploy: Using PackageKit Provider
2023-06-04 04:59:34,915 [update_manager.py:initialize()] - 
Initializing Client Updater: 'mainsail',
Channel: stable
path: /home/pi/mainsail
2023-06-04 04:59:34,918 [extensions.py:start_unix_server()] - Creating Unix Domain Socket at '/home/pi/printer_data/comms/moonraker.sock'
2023-06-04 04:59:34,919 [server.py:start_server()] - Starting Moonraker on (0.0.0.0, 7125), Hostname: MK3S
2023-06-04 04:59:34,920 [app.py:listen()] - SSL Certificate/Key not configured, aborting HTTPS Server startup
2023-06-04 04:59:36,332 [authorization.py:_check_trusted_connection()] - Trusted Connection Detected, IP: 192.168.1.3
2023-06-04 04:59:36,334 [app.py:log_request()] - 101 GET /websocket (192.168.1.3) [_TRUSTED_USER_] 2.93ms
2023-06-04 04:59:36,334 [websockets.py:open()] - Websocket Opened: ID: 3913669984, Proxied: True, User Agent: Mozilla/5.0 (Windows NT 10.0; Win64; x64) AppleWebKit/537.36 (KHTML, like Gecko) Chrome/113.0.0.0 Safari/537.36, Host Name: 192.168.1.100
2023-06-04 04:59:36,346 [websockets.py:_handle_identify()] - Websocket 3913669984 Client Identified - Name: mainsail, Version: 2.5.1, Type: web
2023-06-04 05:01:39,908 [websockets.py:on_close()] - Websocket Closed: ID: 3913669984 Close Code: 1001, Close Reason: None, Pong Time Elapsed: 3.57
2023-06-04 05:01:40,161 [app.py:log_request()] - 101 GET /websocket (192.168.1.3) [_TRUSTED_USER_] 4.75ms
2023-06-04 05:01:40,162 [websockets.py:open()] - Websocket Opened: ID: 3894224040, Proxied: True, User Agent: Mozilla/5.0 (Windows NT 10.0; Win64; x64) AppleWebKit/537.36 (KHTML, like Gecko) Chrome/113.0.0.0 Safari/537.36, Host Name: 192.168.1.100
2023-06-04 05:01:40,170 [websockets.py:_handle_identify()] - Websocket 3894224040 Client Identified - Name: mainsail, Version: 2.5.1, Type: web
2023-06-04 05:01:46,245 [websockets.py:on_close()] - Websocket Closed: ID: 3894224040 Close Code: 1001, Close Reason: None, Pong Time Elapsed: 6.09
